<?xml version="1.0" encoding="UTF-8"?>
<testsuite xmlns:xsi="http://www.w3.org/2001/XMLSchema-instance" xsi:noNamespaceSchemaLocation="https://maven.apache.org/surefire/maven-surefire-plugin/xsd/surefire-test-report-3.0.xsd" version="3.0" name="com.grupo3.msvakitas.VakitaServiceTest" time="9.413" tests="14" errors="0" skipped="0" failures="0">
  <properties>
[...]
</properties>
  <testcase name="aCreateVakita" classname="com.grupo3.msvakitas.VakitaServiceTest" time="0.83">
    <system-out><![CDATA[20:01:11.544 [main] INFO org.springframework.test.context.support.AnnotationConfigContextLoaderUtils -- Could not detect default configuration classes for test class [com.grupo3.msvakitas.VakitaServiceTest]: VakitaServiceTest does not declare any static, non-private, non-final, nested classes annotated with @Configuration.
20:01:11.682 [main] INFO org.springframework.boot.test.context.SpringBootTestContextBootstrapper -- Found @SpringBootConfiguration com.grupo3.msvakitas.MsVakitasApplication for test class com.grupo3.msvakitas.VakitaServiceTest
   _   _   _   _   _   _   _   _   _   _   _
  / \ / \ / \ / \ / \ / \ / \ / \ / \ / \ / \
 ( v | a | k | i | t | a | s | - | a | p | i )
  \_/ \_/ \_/ \_/ \_/ \_/ \_/ \_/ \_/ \_/ \_/


Powered by Spring Boot 3.1.3-SNAPSHOT


2023-08-16T20:01:12.402-03:00  INFO 105670 --- [           main] com.grupo3.msvakitas.VakitaServiceTest   : Starting VakitaServiceTest using Java 20.0.2 with PID 105670 (started by elena in /home/elena/Documentos/BACK/equipo-03/api-vakita/ms-vakitas)
2023-08-16T20:01:12.410-03:00  INFO 105670 --- [           main] com.grupo3.msvakitas.VakitaServiceTest   : No active profile set, falling back to 1 default profile: "default"
2023-08-16T20:01:13.270-03:00  INFO 105670 --- [           main] .s.d.r.c.RepositoryConfigurationDelegate : Bootstrapping Spring Data JPA repositories in DEFAULT mode.
2023-08-16T20:01:13.382-03:00  INFO 105670 --- [           main] .s.d.r.c.RepositoryConfigurationDelegate : Finished Spring Data repository scanning in 103 ms. Found 2 JPA repository interfaces.
2023-08-16T20:01:13.943-03:00  INFO 105670 --- [           main] beddedDataSourceBeanFactoryPostProcessor : Replacing 'dataSource' DataSource bean with embedded version
2023-08-16T20:01:14.077-03:00  INFO 105670 --- [           main] o.s.cloud.context.scope.GenericScope     : BeanFactory id=699c88f8-6b03-334e-affe-abf61bbd5bf2
2023-08-16T20:01:14.335-03:00  INFO 105670 --- [           main] o.s.j.d.e.EmbeddedDatabaseFactory        : Starting embedded database: url='jdbc:h2:mem:62db7951-f211-4d74-b112-5e901655cda0;DB_CLOSE_DELAY=-1;DB_CLOSE_ON_EXIT=false', username='sa'
2023-08-16T20:01:14.618-03:00  INFO 105670 --- [           main] o.hibernate.jpa.internal.util.LogHelper  : HHH000204: Processing PersistenceUnitInfo [name: default]
2023-08-16T20:01:14.669-03:00  INFO 105670 --- [           main] org.hibernate.Version                    : HHH000412: Hibernate ORM core version 6.2.7.Final
2023-08-16T20:01:14.671-03:00  INFO 105670 --- [           main] org.hibernate.cfg.Environment            : HHH000406: Using bytecode reflection optimizer
2023-08-16T20:01:14.775-03:00  INFO 105670 --- [           main] o.h.b.i.BytecodeProviderInitiator        : HHH000021: Bytecode provider name : bytebuddy
2023-08-16T20:01:14.879-03:00  INFO 105670 --- [           main] o.s.o.j.p.SpringPersistenceUnitInfo      : No LoadTimeWeaver setup: ignoring JPA class transformer
2023-08-16T20:01:15.124-03:00  INFO 105670 --- [           main] o.h.b.i.BytecodeProviderInitiator        : HHH000021: Bytecode provider name : bytebuddy
2023-08-16T20:01:15.767-03:00  INFO 105670 --- [           main] o.h.e.t.j.p.i.JtaPlatformInitiator       : HHH000490: Using JtaPlatform implementation: [org.hibernate.engine.transaction.jta.platform.internal.NoJtaPlatform]
Hibernate: drop table if exists "users" cascade 
Hibernate: drop table if exists "vakita_has_contributors" cascade 
Hibernate: drop table if exists "vakitas" cascade 
Hibernate: create table "users" ("user_id" bigint generated by default as identity, "user_email" varchar(200) not null, primary key ("user_id"))
Hibernate: create table "vakita_has_contributors" ("user_id" bigint not null, "vakita_id" bigint not null)
Hibernate: create table "vakitas" ("creation_date" date not null, "cumulative_amount" float(53) not null, "expiration_date" date not null, "is_active" boolean not null, "total_amount" float(53) not null, "type" tinyint not null check ("type" between 0 and 1), "user_creator_id" bigint not null, "vakita_id" bigint generated by default as identity, "name" varchar(50) not null, "description" varchar(100) not null, "img_url" varchar(200) not null, primary key ("vakita_id"))
Hibernate: alter table if exists "vakita_has_contributors" add constraint "FKmt6hanqvk7lh0b3xkev3u1nce" foreign key ("user_id") references "users"
Hibernate: alter table if exists "vakita_has_contributors" add constraint "FKhgp1d31dkofueb7cuiihxcij9" foreign key ("vakita_id") references "vakitas"
2023-08-16T20:01:15.812-03:00  INFO 105670 --- [           main] j.LocalContainerEntityManagerFactoryBean : Initialized JPA EntityManagerFactory for persistence unit 'default'
2023-08-16T20:01:16.657-03:00  WARN 105670 --- [           main] JpaBaseConfiguration$JpaWebConfiguration : spring.jpa.open-in-view is enabled by default. Therefore, database queries may be performed during view rendering. Explicitly configure spring.jpa.open-in-view to disable this warning
2023-08-16T20:01:18.126-03:00  INFO 105670 --- [           main] DiscoveryClientOptionalArgsConfiguration : Eureka HTTP Client uses RestTemplate.
2023-08-16T20:01:18.223-03:00  WARN 105670 --- [           main] iguration$LoadBalancerCaffeineWarnLogger : Spring Cloud LoadBalancer is currently working with the default cache. While this cache implementation is useful for development and tests, it's recommended to use Caffeine cache in production.You can switch to using Caffeine cache, by adding it and org.springframework.cache.caffeine.CaffeineCacheManager to the classpath.
2023-08-16T20:01:18.243-03:00  INFO 105670 --- [           main] o.s.b.a.e.web.EndpointLinksResolver      : Exposing 1 endpoint(s) beneath base path '/actuator'
2023-08-16T20:01:18.327-03:00  INFO 105670 --- [           main] o.s.a.r.c.CachingConnectionFactory       : Attempting to connect to: [localhost:5672]
2023-08-16T20:01:18.336-03:00  INFO 105670 --- [           main] o.s.a.r.l.SimpleMessageListenerContainer : Broker not available; cannot force queue declarations during start: java.net.ConnectException: Conexión rehusada
2023-08-16T20:01:18.345-03:00  INFO 105670 --- [ntContainer#0-1] o.s.a.r.c.CachingConnectionFactory       : Attempting to connect to: [localhost:5672]
2023-08-16T20:01:18.348-03:00 ERROR 105670 --- [ntContainer#0-1] o.s.a.r.l.SimpleMessageListenerContainer : Failed to check/redeclare auto-delete queue(s).

org.springframework.amqp.AmqpConnectException: java.net.ConnectException: Conexión rehusada
	at org.springframework.amqp.rabbit.support.RabbitExceptionTranslator.convertRabbitAccessException(RabbitExceptionTranslator.java:61) ~[spring-rabbit-3.0.8-SNAPSHOT.jar:3.0.8-SNAPSHOT]
	at org.springframework.amqp.rabbit.connection.AbstractConnectionFactory.createBareConnection(AbstractConnectionFactory.java:594) ~[spring-rabbit-3.0.8-SNAPSHOT.jar:3.0.8-SNAPSHOT]
	at org.springframework.amqp.rabbit.connection.CachingConnectionFactory.createConnection(CachingConnectionFactory.java:711) ~[spring-rabbit-3.0.8-SNAPSHOT.jar:3.0.8-SNAPSHOT]
	at org.springframework.amqp.rabbit.connection.ConnectionFactoryUtils.createConnection(ConnectionFactoryUtils.java:257) ~[spring-rabbit-3.0.8-SNAPSHOT.jar:3.0.8-SNAPSHOT]
	at org.springframework.amqp.rabbit.core.RabbitTemplate.doExecute(RabbitTemplate.java:2225) ~[spring-rabbit-3.0.8-SNAPSHOT.jar:3.0.8-SNAPSHOT]
	at org.springframework.amqp.rabbit.core.RabbitTemplate.execute(RabbitTemplate.java:2198) ~[spring-rabbit-3.0.8-SNAPSHOT.jar:3.0.8-SNAPSHOT]
	at org.springframework.amqp.rabbit.core.RabbitTemplate.execute(RabbitTemplate.java:2178) ~[spring-rabbit-3.0.8-SNAPSHOT.jar:3.0.8-SNAPSHOT]
	at org.springframework.amqp.rabbit.core.RabbitAdmin.getQueueInfo(RabbitAdmin.java:465) ~[spring-rabbit-3.0.8-SNAPSHOT.jar:3.0.8-SNAPSHOT]
	at org.springframework.amqp.rabbit.core.RabbitAdmin.getQueueProperties(RabbitAdmin.java:449) ~[spring-rabbit-3.0.8-SNAPSHOT.jar:3.0.8-SNAPSHOT]
	at org.springframework.amqp.rabbit.listener.AbstractMessageListenerContainer.attemptDeclarations(AbstractMessageListenerContainer.java:1937) ~[spring-rabbit-3.0.8-SNAPSHOT.jar:3.0.8-SNAPSHOT]
	at org.springframework.amqp.rabbit.listener.AbstractMessageListenerContainer.redeclareElementsIfNecessary(AbstractMessageListenerContainer.java:1905) ~[spring-rabbit-3.0.8-SNAPSHOT.jar:3.0.8-SNAPSHOT]
	at org.springframework.amqp.rabbit.listener.SimpleMessageListenerContainer$AsyncMessageProcessingConsumer.initialize(SimpleMessageListenerContainer.java:1381) ~[spring-rabbit-3.0.8-SNAPSHOT.jar:3.0.8-SNAPSHOT]
	at org.springframework.amqp.rabbit.listener.SimpleMessageListenerContainer$AsyncMessageProcessingConsumer.run(SimpleMessageListenerContainer.java:1223) ~[spring-rabbit-3.0.8-SNAPSHOT.jar:3.0.8-SNAPSHOT]
	at java.base/java.lang.Thread.run(Thread.java:1623) ~[na:na]
Caused by: java.net.ConnectException: Conexión rehusada
	at java.base/sun.nio.ch.Net.pollConnect(Native Method) ~[na:na]
	at java.base/sun.nio.ch.Net.pollConnectNow(Net.java:673) ~[na:na]
	at java.base/sun.nio.ch.NioSocketImpl.timedFinishConnect(NioSocketImpl.java:540) ~[na:na]
	at java.base/sun.nio.ch.NioSocketImpl.connect(NioSocketImpl.java:590) ~[na:na]
	at java.base/java.net.SocksSocketImpl.connect(SocksSocketImpl.java:327) ~[na:na]
	at java.base/java.net.Socket.connect(Socket.java:666) ~[na:na]
	at com.rabbitmq.client.impl.SocketFrameHandlerFactory.create(SocketFrameHandlerFactory.java:61) ~[amqp-client-5.17.1.jar:5.17.1]
	at com.rabbitmq.client.ConnectionFactory.newConnection(ConnectionFactory.java:1234) ~[amqp-client-5.17.1.jar:5.17.1]
	at com.rabbitmq.client.ConnectionFactory.newConnection(ConnectionFactory.java:1184) ~[amqp-client-5.17.1.jar:5.17.1]
	at org.springframework.amqp.rabbit.connection.AbstractConnectionFactory.connectAddresses(AbstractConnectionFactory.java:632) ~[spring-rabbit-3.0.8-SNAPSHOT.jar:3.0.8-SNAPSHOT]
	at org.springframework.amqp.rabbit.connection.AbstractConnectionFactory.connect(AbstractConnectionFactory.java:607) ~[spring-rabbit-3.0.8-SNAPSHOT.jar:3.0.8-SNAPSHOT]
	at org.springframework.amqp.rabbit.connection.AbstractConnectionFactory.createBareConnection(AbstractConnectionFactory.java:557) ~[spring-rabbit-3.0.8-SNAPSHOT.jar:3.0.8-SNAPSHOT]
	... 12 common frames omitted

2023-08-16T20:01:18.354-03:00  INFO 105670 --- [ntContainer#0-1] o.s.a.r.c.CachingConnectionFactory       : Attempting to connect to: [localhost:5672]
2023-08-16T20:01:18.371-03:00  INFO 105670 --- [           main] com.grupo3.msvakitas.VakitaServiceTest   : Started VakitaServiceTest in 6.455 seconds (process running for 7.946)
Hibernate: select u1_0."user_id",u1_0."user_email",v1_0."user_id",v1_1."vakita_id",v1_1."creation_date",v1_1."cumulative_amount",v1_1."description",v1_1."expiration_date",v1_1."user_creator_id",v1_1."img_url",v1_1."is_active",v1_1."name",v1_1."total_amount",v1_1."type" from "users" u1_0 left join ("vakita_has_contributors" v1_0 join "vakitas" v1_1 on v1_1."vakita_id"=v1_0."vakita_id") on u1_0."user_id"=v1_0."user_id" where u1_0."user_id"=?
Hibernate: select c1_0."vakita_id",c1_1."user_id",c1_1."user_email" from "vakita_has_contributors" c1_0 join "users" c1_1 on c1_1."user_id"=c1_0."user_id" where c1_0."vakita_id"=?
Hibernate: select v1_0."user_id",v1_1."vakita_id",v1_1."creation_date",v1_1."cumulative_amount",v1_1."description",v1_1."expiration_date",v1_1."user_creator_id",v1_1."img_url",v1_1."is_active",v1_1."name",v1_1."total_amount",v1_1."type" from "vakita_has_contributors" v1_0 join "vakitas" v1_1 on v1_1."vakita_id"=v1_0."vakita_id" where v1_0."user_id"=?
Hibernate: select c1_0."vakita_id",c1_1."user_id",c1_1."user_email" from "vakita_has_contributors" c1_0 join "users" c1_1 on c1_1."user_id"=c1_0."user_id" where c1_0."vakita_id"=?
Hibernate: insert into "vakitas" ("creation_date","cumulative_amount","description","expiration_date","user_creator_id","img_url","is_active","name","total_amount","type","vakita_id") values (?,?,?,?,?,?,?,?,?,?,default)
Hibernate: insert into "vakita_has_contributors" ("vakita_id","user_id") values (?,?)
2023-08-16T20:01:19.163-03:00  INFO 105670 --- [           main] c.g.m.service.impl.VakitaService         : Saving new vakita from user:1
Hibernate: select v1_0."vakita_id",v1_0."creation_date",v1_0."cumulative_amount",v1_0."description",v1_0."expiration_date",v1_0."user_creator_id",v1_0."img_url",v1_0."is_active",v1_0."name",v1_0."total_amount",v1_0."type" from "vakitas" v1_0
Hibernate: select c1_0."vakita_id",c1_1."user_id",c1_1."user_email" from "vakita_has_contributors" c1_0 join "users" c1_1 on c1_1."user_id"=c1_0."user_id" where c1_0."vakita_id"=?
Hibernate: select v1_0."user_id",v1_1."vakita_id",v1_1."creation_date",v1_1."cumulative_amount",v1_1."description",v1_1."expiration_date",v1_1."user_creator_id",v1_1."img_url",v1_1."is_active",v1_1."name",v1_1."total_amount",v1_1."type" from "vakita_has_contributors" v1_0 join "vakitas" v1_1 on v1_1."vakita_id"=v1_0."vakita_id" where v1_0."user_id"=?
Hibernate: select c1_0."vakita_id",c1_1."user_id",c1_1."user_email" from "vakita_has_contributors" c1_0 join "users" c1_1 on c1_1."user_id"=c1_0."user_id" where c1_0."vakita_id"=?
Hibernate: select c1_0."vakita_id",c1_1."user_id",c1_1."user_email" from "vakita_has_contributors" c1_0 join "users" c1_1 on c1_1."user_id"=c1_0."user_id" where c1_0."vakita_id"=?
Hibernate: select v1_0."user_id",v1_1."vakita_id",v1_1."creation_date",v1_1."cumulative_amount",v1_1."description",v1_1."expiration_date",v1_1."user_creator_id",v1_1."img_url",v1_1."is_active",v1_1."name",v1_1."total_amount",v1_1."type" from "vakita_has_contributors" v1_0 join "vakitas" v1_1 on v1_1."vakita_id"=v1_0."vakita_id" where v1_0."user_id"=?
Hibernate: select v1_0."user_id",v1_1."vakita_id",v1_1."creation_date",v1_1."cumulative_amount",v1_1."description",v1_1."expiration_date",v1_1."user_creator_id",v1_1."img_url",v1_1."is_active",v1_1."name",v1_1."total_amount",v1_1."type" from "vakita_has_contributors" v1_0 join "vakitas" v1_1 on v1_1."vakita_id"=v1_0."vakita_id" where v1_0."user_id"=?
Hibernate: select v1_0."user_id",v1_1."vakita_id",v1_1."creation_date",v1_1."cumulative_amount",v1_1."description",v1_1."expiration_date",v1_1."user_creator_id",v1_1."img_url",v1_1."is_active",v1_1."name",v1_1."total_amount",v1_1."type" from "vakita_has_contributors" v1_0 join "vakitas" v1_1 on v1_1."vakita_id"=v1_0."vakita_id" where v1_0."user_id"=?
Hibernate: select v1_0."user_id",v1_1."vakita_id",v1_1."creation_date",v1_1."cumulative_amount",v1_1."description",v1_1."expiration_date",v1_1."user_creator_id",v1_1."img_url",v1_1."is_active",v1_1."name",v1_1."total_amount",v1_1."type" from "vakita_has_contributors" v1_0 join "vakitas" v1_1 on v1_1."vakita_id"=v1_0."vakita_id" where v1_0."user_id"=?
Hibernate: select v1_0."user_id",v1_1."vakita_id",v1_1."creation_date",v1_1."cumulative_amount",v1_1."description",v1_1."expiration_date",v1_1."user_creator_id",v1_1."img_url",v1_1."is_active",v1_1."name",v1_1."total_amount",v1_1."type" from "vakita_has_contributors" v1_0 join "vakitas" v1_1 on v1_1."vakita_id"=v1_0."vakita_id" where v1_0."user_id"=?
Hibernate: select c1_0."vakita_id",c1_1."user_id",c1_1."user_email" from "vakita_has_contributors" c1_0 join "users" c1_1 on c1_1."user_id"=c1_0."user_id" where c1_0."vakita_id"=?
Hibernate: select v1_0."user_id",v1_1."vakita_id",v1_1."creation_date",v1_1."cumulative_amount",v1_1."description",v1_1."expiration_date",v1_1."user_creator_id",v1_1."img_url",v1_1."is_active",v1_1."name",v1_1."total_amount",v1_1."type" from "vakita_has_contributors" v1_0 join "vakitas" v1_1 on v1_1."vakita_id"=v1_0."vakita_id" where v1_0."user_id"=?
Hibernate: select c1_0."vakita_id",c1_1."user_id",c1_1."user_email" from "vakita_has_contributors" c1_0 join "users" c1_1 on c1_1."user_id"=c1_0."user_id" where c1_0."vakita_id"=?
Hibernate: select v1_0."user_id",v1_1."vakita_id",v1_1."creation_date",v1_1."cumulative_amount",v1_1."description",v1_1."expiration_date",v1_1."user_creator_id",v1_1."img_url",v1_1."is_active",v1_1."name",v1_1."total_amount",v1_1."type" from "vakita_has_contributors" v1_0 join "vakitas" v1_1 on v1_1."vakita_id"=v1_0."vakita_id" where v1_0."user_id"=?
Hibernate: select c1_0."vakita_id",c1_1."user_id",c1_1."user_email" from "vakita_has_contributors" c1_0 join "users" c1_1 on c1_1."user_id"=c1_0."user_id" where c1_0."vakita_id"=?
Hibernate: select v1_0."user_id",v1_1."vakita_id",v1_1."creation_date",v1_1."cumulative_amount",v1_1."description",v1_1."expiration_date",v1_1."user_creator_id",v1_1."img_url",v1_1."is_active",v1_1."name",v1_1."total_amount",v1_1."type" from "vakita_has_contributors" v1_0 join "vakitas" v1_1 on v1_1."vakita_id"=v1_0."vakita_id" where v1_0."user_id"=?
Hibernate: select c1_0."vakita_id",c1_1."user_id",c1_1."user_email" from "vakita_has_contributors" c1_0 join "users" c1_1 on c1_1."user_id"=c1_0."user_id" where c1_0."vakita_id"=?
Hibernate: select c1_0."vakita_id",c1_1."user_id",c1_1."user_email" from "vakita_has_contributors" c1_0 join "users" c1_1 on c1_1."user_id"=c1_0."user_id" where c1_0."vakita_id"=?
Hibernate: select c1_0."vakita_id",c1_1."user_id",c1_1."user_email" from "vakita_has_contributors" c1_0 join "users" c1_1 on c1_1."user_id"=c1_0."user_id" where c1_0."vakita_id"=?
Hibernate: select c1_0."vakita_id",c1_1."user_id",c1_1."user_email" from "vakita_has_contributors" c1_0 join "users" c1_1 on c1_1."user_id"=c1_0."user_id" where c1_0."vakita_id"=?
Hibernate: select c1_0."vakita_id",c1_1."user_id",c1_1."user_email" from "vakita_has_contributors" c1_0 join "users" c1_1 on c1_1."user_id"=c1_0."user_id" where c1_0."vakita_id"=?
Hibernate: select c1_0."vakita_id",c1_1."user_id",c1_1."user_email" from "vakita_has_contributors" c1_0 join "users" c1_1 on c1_1."user_id"=c1_0."user_id" where c1_0."vakita_id"=?
2023-08-16T20:01:19.272-03:00  INFO 105670 --- [           main] c.g.m.service.impl.VakitaService         : Get all vakitas list. Size: 12
]]></system-out>
  </testcase>
  <testcase name="aaTesteandoDataSource" classname="com.grupo3.msvakitas.VakitaServiceTest" time="0.102">
    <system-out><![CDATA[Hibernate: select u1_0."user_id",u1_0."user_email",v1_0."user_id",v1_1."vakita_id",v1_1."creation_date",v1_1."cumulative_amount",v1_1."description",v1_1."expiration_date",v1_1."user_creator_id",v1_1."img_url",v1_1."is_active",v1_1."name",v1_1."total_amount",v1_1."type" from "users" u1_0 left join ("vakita_has_contributors" v1_0 join "vakitas" v1_1 on v1_1."vakita_id"=v1_0."vakita_id") on u1_0."user_id"=v1_0."user_id" where u1_0."user_id"=?
Hibernate: select c1_0."vakita_id",c1_1."user_id",c1_1."user_email" from "vakita_has_contributors" c1_0 join "users" c1_1 on c1_1."user_id"=c1_0."user_id" where c1_0."vakita_id"=?
Hibernate: select c1_0."vakita_id",c1_1."user_id",c1_1."user_email" from "vakita_has_contributors" c1_0 join "users" c1_1 on c1_1."user_id"=c1_0."user_id" where c1_0."vakita_id"=?
Hibernate: select v1_0."user_id",v1_1."vakita_id",v1_1."creation_date",v1_1."cumulative_amount",v1_1."description",v1_1."expiration_date",v1_1."user_creator_id",v1_1."img_url",v1_1."is_active",v1_1."name",v1_1."total_amount",v1_1."type" from "vakita_has_contributors" v1_0 join "vakitas" v1_1 on v1_1."vakita_id"=v1_0."vakita_id" where v1_0."user_id"=?
Hibernate: select c1_0."vakita_id",c1_1."user_id",c1_1."user_email" from "vakita_has_contributors" c1_0 join "users" c1_1 on c1_1."user_id"=c1_0."user_id" where c1_0."vakita_id"=?
Hibernate: select v1_0."vakita_id",v1_0."creation_date",v1_0."cumulative_amount",v1_0."description",v1_0."expiration_date",v1_0."user_creator_id",v1_0."img_url",v1_0."is_active",v1_0."name",v1_0."total_amount",v1_0."type" from "vakitas" v1_0
Hibernate: select c1_0."vakita_id",c1_1."user_id",c1_1."user_email" from "vakita_has_contributors" c1_0 join "users" c1_1 on c1_1."user_id"=c1_0."user_id" where c1_0."vakita_id"=?
Hibernate: select c1_0."vakita_id",c1_1."user_id",c1_1."user_email" from "vakita_has_contributors" c1_0 join "users" c1_1 on c1_1."user_id"=c1_0."user_id" where c1_0."vakita_id"=?
Hibernate: select c1_0."vakita_id",c1_1."user_id",c1_1."user_email" from "vakita_has_contributors" c1_0 join "users" c1_1 on c1_1."user_id"=c1_0."user_id" where c1_0."vakita_id"=?
Hibernate: select c1_0."vakita_id",c1_1."user_id",c1_1."user_email" from "vakita_has_contributors" c1_0 join "users" c1_1 on c1_1."user_id"=c1_0."user_id" where c1_0."vakita_id"=?
Hibernate: select c1_0."vakita_id",c1_1."user_id",c1_1."user_email" from "vakita_has_contributors" c1_0 join "users" c1_1 on c1_1."user_id"=c1_0."user_id" where c1_0."vakita_id"=?
Hibernate: select c1_0."vakita_id",c1_1."user_id",c1_1."user_email" from "vakita_has_contributors" c1_0 join "users" c1_1 on c1_1."user_id"=c1_0."user_id" where c1_0."vakita_id"=?
Hibernate: select c1_0."vakita_id",c1_1."user_id",c1_1."user_email" from "vakita_has_contributors" c1_0 join "users" c1_1 on c1_1."user_id"=c1_0."user_id" where c1_0."vakita_id"=?
Hibernate: select c1_0."vakita_id",c1_1."user_id",c1_1."user_email" from "vakita_has_contributors" c1_0 join "users" c1_1 on c1_1."user_id"=c1_0."user_id" where c1_0."vakita_id"=?
Hibernate: select c1_0."vakita_id",c1_1."user_id",c1_1."user_email" from "vakita_has_contributors" c1_0 join "users" c1_1 on c1_1."user_id"=c1_0."user_id" where c1_0."vakita_id"=?
Hibernate: select c1_0."vakita_id",c1_1."user_id",c1_1."user_email" from "vakita_has_contributors" c1_0 join "users" c1_1 on c1_1."user_id"=c1_0."user_id" where c1_0."vakita_id"=?
Hibernate: select c1_0."vakita_id",c1_1."user_id",c1_1."user_email" from "vakita_has_contributors" c1_0 join "users" c1_1 on c1_1."user_id"=c1_0."user_id" where c1_0."vakita_id"=?
Hibernate: select c1_0."vakita_id",c1_1."user_id",c1_1."user_email" from "vakita_has_contributors" c1_0 join "users" c1_1 on c1_1."user_id"=c1_0."user_id" where c1_0."vakita_id"=?
Hibernate: select v1_0."user_id",v1_1."vakita_id",v1_1."creation_date",v1_1."cumulative_amount",v1_1."description",v1_1."expiration_date",v1_1."user_creator_id",v1_1."img_url",v1_1."is_active",v1_1."name",v1_1."total_amount",v1_1."type" from "vakita_has_contributors" v1_0 join "vakitas" v1_1 on v1_1."vakita_id"=v1_0."vakita_id" where v1_0."user_id"=?
Hibernate: select c1_0."vakita_id",c1_1."user_id",c1_1."user_email" from "vakita_has_contributors" c1_0 join "users" c1_1 on c1_1."user_id"=c1_0."user_id" where c1_0."vakita_id"=?
Hibernate: select c1_0."vakita_id",c1_1."user_id",c1_1."user_email" from "vakita_has_contributors" c1_0 join "users" c1_1 on c1_1."user_id"=c1_0."user_id" where c1_0."vakita_id"=?
Hibernate: select v1_0."user_id",v1_1."vakita_id",v1_1."creation_date",v1_1."cumulative_amount",v1_1."description",v1_1."expiration_date",v1_1."user_creator_id",v1_1."img_url",v1_1."is_active",v1_1."name",v1_1."total_amount",v1_1."type" from "vakita_has_contributors" v1_0 join "vakitas" v1_1 on v1_1."vakita_id"=v1_0."vakita_id" where v1_0."user_id"=?
Hibernate: select v1_0."user_id",v1_1."vakita_id",v1_1."creation_date",v1_1."cumulative_amount",v1_1."description",v1_1."expiration_date",v1_1."user_creator_id",v1_1."img_url",v1_1."is_active",v1_1."name",v1_1."total_amount",v1_1."type" from "vakita_has_contributors" v1_0 join "vakitas" v1_1 on v1_1."vakita_id"=v1_0."vakita_id" where v1_0."user_id"=?
Hibernate: select v1_0."user_id",v1_1."vakita_id",v1_1."creation_date",v1_1."cumulative_amount",v1_1."description",v1_1."expiration_date",v1_1."user_creator_id",v1_1."img_url",v1_1."is_active",v1_1."name",v1_1."total_amount",v1_1."type" from "vakita_has_contributors" v1_0 join "vakitas" v1_1 on v1_1."vakita_id"=v1_0."vakita_id" where v1_0."user_id"=?
Hibernate: select v1_0."user_id",v1_1."vakita_id",v1_1."creation_date",v1_1."cumulative_amount",v1_1."description",v1_1."expiration_date",v1_1."user_creator_id",v1_1."img_url",v1_1."is_active",v1_1."name",v1_1."total_amount",v1_1."type" from "vakita_has_contributors" v1_0 join "vakitas" v1_1 on v1_1."vakita_id"=v1_0."vakita_id" where v1_0."user_id"=?
Hibernate: select v1_0."user_id",v1_1."vakita_id",v1_1."creation_date",v1_1."cumulative_amount",v1_1."description",v1_1."expiration_date",v1_1."user_creator_id",v1_1."img_url",v1_1."is_active",v1_1."name",v1_1."total_amount",v1_1."type" from "vakita_has_contributors" v1_0 join "vakitas" v1_1 on v1_1."vakita_id"=v1_0."vakita_id" where v1_0."user_id"=?
Hibernate: select c1_0."vakita_id",c1_1."user_id",c1_1."user_email" from "vakita_has_contributors" c1_0 join "users" c1_1 on c1_1."user_id"=c1_0."user_id" where c1_0."vakita_id"=?
Hibernate: select v1_0."user_id",v1_1."vakita_id",v1_1."creation_date",v1_1."cumulative_amount",v1_1."description",v1_1."expiration_date",v1_1."user_creator_id",v1_1."img_url",v1_1."is_active",v1_1."name",v1_1."total_amount",v1_1."type" from "vakita_has_contributors" v1_0 join "vakitas" v1_1 on v1_1."vakita_id"=v1_0."vakita_id" where v1_0."user_id"=?
Hibernate: select c1_0."vakita_id",c1_1."user_id",c1_1."user_email" from "vakita_has_contributors" c1_0 join "users" c1_1 on c1_1."user_id"=c1_0."user_id" where c1_0."vakita_id"=?
Hibernate: select v1_0."user_id",v1_1."vakita_id",v1_1."creation_date",v1_1."cumulative_amount",v1_1."description",v1_1."expiration_date",v1_1."user_creator_id",v1_1."img_url",v1_1."is_active",v1_1."name",v1_1."total_amount",v1_1."type" from "vakita_has_contributors" v1_0 join "vakitas" v1_1 on v1_1."vakita_id"=v1_0."vakita_id" where v1_0."user_id"=?
Hibernate: select c1_0."vakita_id",c1_1."user_id",c1_1."user_email" from "vakita_has_contributors" c1_0 join "users" c1_1 on c1_1."user_id"=c1_0."user_id" where c1_0."vakita_id"=?
Hibernate: select v1_0."user_id",v1_1."vakita_id",v1_1."creation_date",v1_1."cumulative_amount",v1_1."description",v1_1."expiration_date",v1_1."user_creator_id",v1_1."img_url",v1_1."is_active",v1_1."name",v1_1."total_amount",v1_1."type" from "vakita_has_contributors" v1_0 join "vakitas" v1_1 on v1_1."vakita_id"=v1_0."vakita_id" where v1_0."user_id"=?
Hibernate: select c1_0."vakita_id",c1_1."user_id",c1_1."user_email" from "vakita_has_contributors" c1_0 join "users" c1_1 on c1_1."user_id"=c1_0."user_id" where c1_0."vakita_id"=?
Hibernate: select c1_0."vakita_id",c1_1."user_id",c1_1."user_email" from "vakita_has_contributors" c1_0 join "users" c1_1 on c1_1."user_id"=c1_0."user_id" where c1_0."vakita_id"=?
Hibernate: select c1_0."vakita_id",c1_1."user_id",c1_1."user_email" from "vakita_has_contributors" c1_0 join "users" c1_1 on c1_1."user_id"=c1_0."user_id" where c1_0."vakita_id"=?
Hibernate: select c1_0."vakita_id",c1_1."user_id",c1_1."user_email" from "vakita_has_contributors" c1_0 join "users" c1_1 on c1_1."user_id"=c1_0."user_id" where c1_0."vakita_id"=?
Hibernate: select c1_0."vakita_id",c1_1."user_id",c1_1."user_email" from "vakita_has_contributors" c1_0 join "users" c1_1 on c1_1."user_id"=c1_0."user_id" where c1_0."vakita_id"=?
Hibernate: select c1_0."vakita_id",c1_1."user_id",c1_1."user_email" from "vakita_has_contributors" c1_0 join "users" c1_1 on c1_1."user_id"=c1_0."user_id" where c1_0."vakita_id"=?
2023-08-16T20:01:19.389-03:00  INFO 105670 --- [           main] c.g.m.service.impl.VakitaService         : Get all vakitas list. Size: 23
]]></system-out>
  </testcase>
  <testcase name="bGetAllVakitas" classname="com.grupo3.msvakitas.VakitaServiceTest" time="0.09">
    <system-out><![CDATA[Hibernate: select v1_0."vakita_id",v1_0."creation_date",v1_0."cumulative_amount",v1_0."description",v1_0."expiration_date",v1_0."user_creator_id",v1_0."img_url",v1_0."is_active",v1_0."name",v1_0."total_amount",v1_0."type" from "vakitas" v1_0
Hibernate: select c1_0."vakita_id",c1_1."user_id",c1_1."user_email" from "vakita_has_contributors" c1_0 join "users" c1_1 on c1_1."user_id"=c1_0."user_id" where c1_0."vakita_id"=?
Hibernate: select c1_0."vakita_id",c1_1."user_id",c1_1."user_email" from "vakita_has_contributors" c1_0 join "users" c1_1 on c1_1."user_id"=c1_0."user_id" where c1_0."vakita_id"=?
Hibernate: select c1_0."vakita_id",c1_1."user_id",c1_1."user_email" from "vakita_has_contributors" c1_0 join "users" c1_1 on c1_1."user_id"=c1_0."user_id" where c1_0."vakita_id"=?
Hibernate: select c1_0."vakita_id",c1_1."user_id",c1_1."user_email" from "vakita_has_contributors" c1_0 join "users" c1_1 on c1_1."user_id"=c1_0."user_id" where c1_0."vakita_id"=?
Hibernate: select c1_0."vakita_id",c1_1."user_id",c1_1."user_email" from "vakita_has_contributors" c1_0 join "users" c1_1 on c1_1."user_id"=c1_0."user_id" where c1_0."vakita_id"=?
Hibernate: select c1_0."vakita_id",c1_1."user_id",c1_1."user_email" from "vakita_has_contributors" c1_0 join "users" c1_1 on c1_1."user_id"=c1_0."user_id" where c1_0."vakita_id"=?
Hibernate: select c1_0."vakita_id",c1_1."user_id",c1_1."user_email" from "vakita_has_contributors" c1_0 join "users" c1_1 on c1_1."user_id"=c1_0."user_id" where c1_0."vakita_id"=?
Hibernate: select c1_0."vakita_id",c1_1."user_id",c1_1."user_email" from "vakita_has_contributors" c1_0 join "users" c1_1 on c1_1."user_id"=c1_0."user_id" where c1_0."vakita_id"=?
Hibernate: select c1_0."vakita_id",c1_1."user_id",c1_1."user_email" from "vakita_has_contributors" c1_0 join "users" c1_1 on c1_1."user_id"=c1_0."user_id" where c1_0."vakita_id"=?
Hibernate: select c1_0."vakita_id",c1_1."user_id",c1_1."user_email" from "vakita_has_contributors" c1_0 join "users" c1_1 on c1_1."user_id"=c1_0."user_id" where c1_0."vakita_id"=?
Hibernate: select c1_0."vakita_id",c1_1."user_id",c1_1."user_email" from "vakita_has_contributors" c1_0 join "users" c1_1 on c1_1."user_id"=c1_0."user_id" where c1_0."vakita_id"=?
Hibernate: select c1_0."vakita_id",c1_1."user_id",c1_1."user_email" from "vakita_has_contributors" c1_0 join "users" c1_1 on c1_1."user_id"=c1_0."user_id" where c1_0."vakita_id"=?
Hibernate: select c1_0."vakita_id",c1_1."user_id",c1_1."user_email" from "vakita_has_contributors" c1_0 join "users" c1_1 on c1_1."user_id"=c1_0."user_id" where c1_0."vakita_id"=?
Hibernate: select c1_0."vakita_id",c1_1."user_id",c1_1."user_email" from "vakita_has_contributors" c1_0 join "users" c1_1 on c1_1."user_id"=c1_0."user_id" where c1_0."vakita_id"=?
Hibernate: select c1_0."vakita_id",c1_1."user_id",c1_1."user_email" from "vakita_has_contributors" c1_0 join "users" c1_1 on c1_1."user_id"=c1_0."user_id" where c1_0."vakita_id"=?
Hibernate: select c1_0."vakita_id",c1_1."user_id",c1_1."user_email" from "vakita_has_contributors" c1_0 join "users" c1_1 on c1_1."user_id"=c1_0."user_id" where c1_0."vakita_id"=?
Hibernate: select c1_0."vakita_id",c1_1."user_id",c1_1."user_email" from "vakita_has_contributors" c1_0 join "users" c1_1 on c1_1."user_id"=c1_0."user_id" where c1_0."vakita_id"=?
Hibernate: select c1_0."vakita_id",c1_1."user_id",c1_1."user_email" from "vakita_has_contributors" c1_0 join "users" c1_1 on c1_1."user_id"=c1_0."user_id" where c1_0."vakita_id"=?
Hibernate: select c1_0."vakita_id",c1_1."user_id",c1_1."user_email" from "vakita_has_contributors" c1_0 join "users" c1_1 on c1_1."user_id"=c1_0."user_id" where c1_0."vakita_id"=?
Hibernate: select c1_0."vakita_id",c1_1."user_id",c1_1."user_email" from "vakita_has_contributors" c1_0 join "users" c1_1 on c1_1."user_id"=c1_0."user_id" where c1_0."vakita_id"=?
Hibernate: select c1_0."vakita_id",c1_1."user_id",c1_1."user_email" from "vakita_has_contributors" c1_0 join "users" c1_1 on c1_1."user_id"=c1_0."user_id" where c1_0."vakita_id"=?
Hibernate: select c1_0."vakita_id",c1_1."user_id",c1_1."user_email" from "vakita_has_contributors" c1_0 join "users" c1_1 on c1_1."user_id"=c1_0."user_id" where c1_0."vakita_id"=?
Hibernate: select c1_0."vakita_id",c1_1."user_id",c1_1."user_email" from "vakita_has_contributors" c1_0 join "users" c1_1 on c1_1."user_id"=c1_0."user_id" where c1_0."vakita_id"=?
Hibernate: select v1_0."user_id",v1_1."vakita_id",v1_1."creation_date",v1_1."cumulative_amount",v1_1."description",v1_1."expiration_date",v1_1."user_creator_id",v1_1."img_url",v1_1."is_active",v1_1."name",v1_1."total_amount",v1_1."type" from "vakita_has_contributors" v1_0 join "vakitas" v1_1 on v1_1."vakita_id"=v1_0."vakita_id" where v1_0."user_id"=?
Hibernate: select c1_0."vakita_id",c1_1."user_id",c1_1."user_email" from "vakita_has_contributors" c1_0 join "users" c1_1 on c1_1."user_id"=c1_0."user_id" where c1_0."vakita_id"=?
Hibernate: select c1_0."vakita_id",c1_1."user_id",c1_1."user_email" from "vakita_has_contributors" c1_0 join "users" c1_1 on c1_1."user_id"=c1_0."user_id" where c1_0."vakita_id"=?
Hibernate: select v1_0."user_id",v1_1."vakita_id",v1_1."creation_date",v1_1."cumulative_amount",v1_1."description",v1_1."expiration_date",v1_1."user_creator_id",v1_1."img_url",v1_1."is_active",v1_1."name",v1_1."total_amount",v1_1."type" from "vakita_has_contributors" v1_0 join "vakitas" v1_1 on v1_1."vakita_id"=v1_0."vakita_id" where v1_0."user_id"=?
Hibernate: select v1_0."user_id",v1_1."vakita_id",v1_1."creation_date",v1_1."cumulative_amount",v1_1."description",v1_1."expiration_date",v1_1."user_creator_id",v1_1."img_url",v1_1."is_active",v1_1."name",v1_1."total_amount",v1_1."type" from "vakita_has_contributors" v1_0 join "vakitas" v1_1 on v1_1."vakita_id"=v1_0."vakita_id" where v1_0."user_id"=?
Hibernate: select v1_0."user_id",v1_1."vakita_id",v1_1."creation_date",v1_1."cumulative_amount",v1_1."description",v1_1."expiration_date",v1_1."user_creator_id",v1_1."img_url",v1_1."is_active",v1_1."name",v1_1."total_amount",v1_1."type" from "vakita_has_contributors" v1_0 join "vakitas" v1_1 on v1_1."vakita_id"=v1_0."vakita_id" where v1_0."user_id"=?
Hibernate: select v1_0."user_id",v1_1."vakita_id",v1_1."creation_date",v1_1."cumulative_amount",v1_1."description",v1_1."expiration_date",v1_1."user_creator_id",v1_1."img_url",v1_1."is_active",v1_1."name",v1_1."total_amount",v1_1."type" from "vakita_has_contributors" v1_0 join "vakitas" v1_1 on v1_1."vakita_id"=v1_0."vakita_id" where v1_0."user_id"=?
Hibernate: select v1_0."user_id",v1_1."vakita_id",v1_1."creation_date",v1_1."cumulative_amount",v1_1."description",v1_1."expiration_date",v1_1."user_creator_id",v1_1."img_url",v1_1."is_active",v1_1."name",v1_1."total_amount",v1_1."type" from "vakita_has_contributors" v1_0 join "vakitas" v1_1 on v1_1."vakita_id"=v1_0."vakita_id" where v1_0."user_id"=?
Hibernate: select c1_0."vakita_id",c1_1."user_id",c1_1."user_email" from "vakita_has_contributors" c1_0 join "users" c1_1 on c1_1."user_id"=c1_0."user_id" where c1_0."vakita_id"=?
Hibernate: select v1_0."user_id",v1_1."vakita_id",v1_1."creation_date",v1_1."cumulative_amount",v1_1."description",v1_1."expiration_date",v1_1."user_creator_id",v1_1."img_url",v1_1."is_active",v1_1."name",v1_1."total_amount",v1_1."type" from "vakita_has_contributors" v1_0 join "vakitas" v1_1 on v1_1."vakita_id"=v1_0."vakita_id" where v1_0."user_id"=?
Hibernate: select c1_0."vakita_id",c1_1."user_id",c1_1."user_email" from "vakita_has_contributors" c1_0 join "users" c1_1 on c1_1."user_id"=c1_0."user_id" where c1_0."vakita_id"=?
Hibernate: select v1_0."user_id",v1_1."vakita_id",v1_1."creation_date",v1_1."cumulative_amount",v1_1."description",v1_1."expiration_date",v1_1."user_creator_id",v1_1."img_url",v1_1."is_active",v1_1."name",v1_1."total_amount",v1_1."type" from "vakita_has_contributors" v1_0 join "vakitas" v1_1 on v1_1."vakita_id"=v1_0."vakita_id" where v1_0."user_id"=?
Hibernate: select c1_0."vakita_id",c1_1."user_id",c1_1."user_email" from "vakita_has_contributors" c1_0 join "users" c1_1 on c1_1."user_id"=c1_0."user_id" where c1_0."vakita_id"=?
Hibernate: select v1_0."user_id",v1_1."vakita_id",v1_1."creation_date",v1_1."cumulative_amount",v1_1."description",v1_1."expiration_date",v1_1."user_creator_id",v1_1."img_url",v1_1."is_active",v1_1."name",v1_1."total_amount",v1_1."type" from "vakita_has_contributors" v1_0 join "vakitas" v1_1 on v1_1."vakita_id"=v1_0."vakita_id" where v1_0."user_id"=?
Hibernate: select c1_0."vakita_id",c1_1."user_id",c1_1."user_email" from "vakita_has_contributors" c1_0 join "users" c1_1 on c1_1."user_id"=c1_0."user_id" where c1_0."vakita_id"=?
Hibernate: select c1_0."vakita_id",c1_1."user_id",c1_1."user_email" from "vakita_has_contributors" c1_0 join "users" c1_1 on c1_1."user_id"=c1_0."user_id" where c1_0."vakita_id"=?
Hibernate: select c1_0."vakita_id",c1_1."user_id",c1_1."user_email" from "vakita_has_contributors" c1_0 join "users" c1_1 on c1_1."user_id"=c1_0."user_id" where c1_0."vakita_id"=?
Hibernate: select c1_0."vakita_id",c1_1."user_id",c1_1."user_email" from "vakita_has_contributors" c1_0 join "users" c1_1 on c1_1."user_id"=c1_0."user_id" where c1_0."vakita_id"=?
Hibernate: select c1_0."vakita_id",c1_1."user_id",c1_1."user_email" from "vakita_has_contributors" c1_0 join "users" c1_1 on c1_1."user_id"=c1_0."user_id" where c1_0."vakita_id"=?
Hibernate: select c1_0."vakita_id",c1_1."user_id",c1_1."user_email" from "vakita_has_contributors" c1_0 join "users" c1_1 on c1_1."user_id"=c1_0."user_id" where c1_0."vakita_id"=?
2023-08-16T20:01:19.484-03:00  INFO 105670 --- [           main] c.g.m.service.impl.VakitaService         : Get all vakitas list. Size: 34
]]></system-out>
  </testcase>
  <testcase name="cGetVakitaById" classname="com.grupo3.msvakitas.VakitaServiceTest" time="0.028">
    <system-out><![CDATA[Hibernate: select v1_0."vakita_id",v1_0."creation_date",v1_0."cumulative_amount",v1_0."description",v1_0."expiration_date",v1_0."user_creator_id",v1_0."img_url",v1_0."is_active",v1_0."name",v1_0."total_amount",v1_0."type",c1_0."vakita_id",c1_1."user_id",c1_1."user_email" from "vakitas" v1_0 left join ("vakita_has_contributors" c1_0 join "users" c1_1 on c1_1."user_id"=c1_0."user_id") on v1_0."vakita_id"=c1_0."vakita_id" where v1_0."vakita_id"=?
Hibernate: select v1_0."user_id",v1_1."vakita_id",v1_1."creation_date",v1_1."cumulative_amount",v1_1."description",v1_1."expiration_date",v1_1."user_creator_id",v1_1."img_url",v1_1."is_active",v1_1."name",v1_1."total_amount",v1_1."type" from "vakita_has_contributors" v1_0 join "vakitas" v1_1 on v1_1."vakita_id"=v1_0."vakita_id" where v1_0."user_id"=?
Hibernate: select c1_0."vakita_id",c1_1."user_id",c1_1."user_email" from "vakita_has_contributors" c1_0 join "users" c1_1 on c1_1."user_id"=c1_0."user_id" where c1_0."vakita_id"=?
Hibernate: select v1_0."user_id",v1_1."vakita_id",v1_1."creation_date",v1_1."cumulative_amount",v1_1."description",v1_1."expiration_date",v1_1."user_creator_id",v1_1."img_url",v1_1."is_active",v1_1."name",v1_1."total_amount",v1_1."type" from "vakita_has_contributors" v1_0 join "vakitas" v1_1 on v1_1."vakita_id"=v1_0."vakita_id" where v1_0."user_id"=?
Hibernate: select v1_0."user_id",v1_1."vakita_id",v1_1."creation_date",v1_1."cumulative_amount",v1_1."description",v1_1."expiration_date",v1_1."user_creator_id",v1_1."img_url",v1_1."is_active",v1_1."name",v1_1."total_amount",v1_1."type" from "vakita_has_contributors" v1_0 join "vakitas" v1_1 on v1_1."vakita_id"=v1_0."vakita_id" where v1_0."user_id"=?
Hibernate: select c1_0."vakita_id",c1_1."user_id",c1_1."user_email" from "vakita_has_contributors" c1_0 join "users" c1_1 on c1_1."user_id"=c1_0."user_id" where c1_0."vakita_id"=?
Hibernate: select v1_0."user_id",v1_1."vakita_id",v1_1."creation_date",v1_1."cumulative_amount",v1_1."description",v1_1."expiration_date",v1_1."user_creator_id",v1_1."img_url",v1_1."is_active",v1_1."name",v1_1."total_amount",v1_1."type" from "vakita_has_contributors" v1_0 join "vakitas" v1_1 on v1_1."vakita_id"=v1_0."vakita_id" where v1_0."user_id"=?
Hibernate: select v1_0."user_id",v1_1."vakita_id",v1_1."creation_date",v1_1."cumulative_amount",v1_1."description",v1_1."expiration_date",v1_1."user_creator_id",v1_1."img_url",v1_1."is_active",v1_1."name",v1_1."total_amount",v1_1."type" from "vakita_has_contributors" v1_0 join "vakitas" v1_1 on v1_1."vakita_id"=v1_0."vakita_id" where v1_0."user_id"=?
2023-08-16T20:01:19.514-03:00  INFO 105670 --- [           main] c.g.m.service.impl.VakitaService         : Get vakita id:1
]]></system-out>
  </testcase>
  <testcase name="dGetVakitaByOwner" classname="com.grupo3.msvakitas.VakitaServiceTest" time="0.104">
    <system-out><![CDATA[Hibernate: select v1_0."vakita_id",v1_0."creation_date",v1_0."cumulative_amount",v1_0."description",v1_0."expiration_date",v1_0."user_creator_id",v1_0."img_url",v1_0."is_active",v1_0."name",v1_0."total_amount",v1_0."type" from "vakitas" v1_0
Hibernate: select c1_0."vakita_id",c1_1."user_id",c1_1."user_email" from "vakita_has_contributors" c1_0 join "users" c1_1 on c1_1."user_id"=c1_0."user_id" where c1_0."vakita_id"=?
Hibernate: select c1_0."vakita_id",c1_1."user_id",c1_1."user_email" from "vakita_has_contributors" c1_0 join "users" c1_1 on c1_1."user_id"=c1_0."user_id" where c1_0."vakita_id"=?
Hibernate: select c1_0."vakita_id",c1_1."user_id",c1_1."user_email" from "vakita_has_contributors" c1_0 join "users" c1_1 on c1_1."user_id"=c1_0."user_id" where c1_0."vakita_id"=?
Hibernate: select c1_0."vakita_id",c1_1."user_id",c1_1."user_email" from "vakita_has_contributors" c1_0 join "users" c1_1 on c1_1."user_id"=c1_0."user_id" where c1_0."vakita_id"=?
Hibernate: select c1_0."vakita_id",c1_1."user_id",c1_1."user_email" from "vakita_has_contributors" c1_0 join "users" c1_1 on c1_1."user_id"=c1_0."user_id" where c1_0."vakita_id"=?
Hibernate: select c1_0."vakita_id",c1_1."user_id",c1_1."user_email" from "vakita_has_contributors" c1_0 join "users" c1_1 on c1_1."user_id"=c1_0."user_id" where c1_0."vakita_id"=?
Hibernate: select c1_0."vakita_id",c1_1."user_id",c1_1."user_email" from "vakita_has_contributors" c1_0 join "users" c1_1 on c1_1."user_id"=c1_0."user_id" where c1_0."vakita_id"=?
Hibernate: select c1_0."vakita_id",c1_1."user_id",c1_1."user_email" from "vakita_has_contributors" c1_0 join "users" c1_1 on c1_1."user_id"=c1_0."user_id" where c1_0."vakita_id"=?
Hibernate: select c1_0."vakita_id",c1_1."user_id",c1_1."user_email" from "vakita_has_contributors" c1_0 join "users" c1_1 on c1_1."user_id"=c1_0."user_id" where c1_0."vakita_id"=?
Hibernate: select c1_0."vakita_id",c1_1."user_id",c1_1."user_email" from "vakita_has_contributors" c1_0 join "users" c1_1 on c1_1."user_id"=c1_0."user_id" where c1_0."vakita_id"=?
Hibernate: select c1_0."vakita_id",c1_1."user_id",c1_1."user_email" from "vakita_has_contributors" c1_0 join "users" c1_1 on c1_1."user_id"=c1_0."user_id" where c1_0."vakita_id"=?
Hibernate: select c1_0."vakita_id",c1_1."user_id",c1_1."user_email" from "vakita_has_contributors" c1_0 join "users" c1_1 on c1_1."user_id"=c1_0."user_id" where c1_0."vakita_id"=?
Hibernate: select c1_0."vakita_id",c1_1."user_id",c1_1."user_email" from "vakita_has_contributors" c1_0 join "users" c1_1 on c1_1."user_id"=c1_0."user_id" where c1_0."vakita_id"=?
Hibernate: select c1_0."vakita_id",c1_1."user_id",c1_1."user_email" from "vakita_has_contributors" c1_0 join "users" c1_1 on c1_1."user_id"=c1_0."user_id" where c1_0."vakita_id"=?
Hibernate: select c1_0."vakita_id",c1_1."user_id",c1_1."user_email" from "vakita_has_contributors" c1_0 join "users" c1_1 on c1_1."user_id"=c1_0."user_id" where c1_0."vakita_id"=?
Hibernate: select c1_0."vakita_id",c1_1."user_id",c1_1."user_email" from "vakita_has_contributors" c1_0 join "users" c1_1 on c1_1."user_id"=c1_0."user_id" where c1_0."vakita_id"=?
Hibernate: select c1_0."vakita_id",c1_1."user_id",c1_1."user_email" from "vakita_has_contributors" c1_0 join "users" c1_1 on c1_1."user_id"=c1_0."user_id" where c1_0."vakita_id"=?
Hibernate: select c1_0."vakita_id",c1_1."user_id",c1_1."user_email" from "vakita_has_contributors" c1_0 join "users" c1_1 on c1_1."user_id"=c1_0."user_id" where c1_0."vakita_id"=?
Hibernate: select c1_0."vakita_id",c1_1."user_id",c1_1."user_email" from "vakita_has_contributors" c1_0 join "users" c1_1 on c1_1."user_id"=c1_0."user_id" where c1_0."vakita_id"=?
Hibernate: select c1_0."vakita_id",c1_1."user_id",c1_1."user_email" from "vakita_has_contributors" c1_0 join "users" c1_1 on c1_1."user_id"=c1_0."user_id" where c1_0."vakita_id"=?
Hibernate: select c1_0."vakita_id",c1_1."user_id",c1_1."user_email" from "vakita_has_contributors" c1_0 join "users" c1_1 on c1_1."user_id"=c1_0."user_id" where c1_0."vakita_id"=?
Hibernate: select c1_0."vakita_id",c1_1."user_id",c1_1."user_email" from "vakita_has_contributors" c1_0 join "users" c1_1 on c1_1."user_id"=c1_0."user_id" where c1_0."vakita_id"=?
Hibernate: select c1_0."vakita_id",c1_1."user_id",c1_1."user_email" from "vakita_has_contributors" c1_0 join "users" c1_1 on c1_1."user_id"=c1_0."user_id" where c1_0."vakita_id"=?
Hibernate: select c1_0."vakita_id",c1_1."user_id",c1_1."user_email" from "vakita_has_contributors" c1_0 join "users" c1_1 on c1_1."user_id"=c1_0."user_id" where c1_0."vakita_id"=?
Hibernate: select c1_0."vakita_id",c1_1."user_id",c1_1."user_email" from "vakita_has_contributors" c1_0 join "users" c1_1 on c1_1."user_id"=c1_0."user_id" where c1_0."vakita_id"=?
Hibernate: select c1_0."vakita_id",c1_1."user_id",c1_1."user_email" from "vakita_has_contributors" c1_0 join "users" c1_1 on c1_1."user_id"=c1_0."user_id" where c1_0."vakita_id"=?
Hibernate: select c1_0."vakita_id",c1_1."user_id",c1_1."user_email" from "vakita_has_contributors" c1_0 join "users" c1_1 on c1_1."user_id"=c1_0."user_id" where c1_0."vakita_id"=?
Hibernate: select c1_0."vakita_id",c1_1."user_id",c1_1."user_email" from "vakita_has_contributors" c1_0 join "users" c1_1 on c1_1."user_id"=c1_0."user_id" where c1_0."vakita_id"=?
Hibernate: select c1_0."vakita_id",c1_1."user_id",c1_1."user_email" from "vakita_has_contributors" c1_0 join "users" c1_1 on c1_1."user_id"=c1_0."user_id" where c1_0."vakita_id"=?
Hibernate: select c1_0."vakita_id",c1_1."user_id",c1_1."user_email" from "vakita_has_contributors" c1_0 join "users" c1_1 on c1_1."user_id"=c1_0."user_id" where c1_0."vakita_id"=?
Hibernate: select c1_0."vakita_id",c1_1."user_id",c1_1."user_email" from "vakita_has_contributors" c1_0 join "users" c1_1 on c1_1."user_id"=c1_0."user_id" where c1_0."vakita_id"=?
Hibernate: select c1_0."vakita_id",c1_1."user_id",c1_1."user_email" from "vakita_has_contributors" c1_0 join "users" c1_1 on c1_1."user_id"=c1_0."user_id" where c1_0."vakita_id"=?
Hibernate: select c1_0."vakita_id",c1_1."user_id",c1_1."user_email" from "vakita_has_contributors" c1_0 join "users" c1_1 on c1_1."user_id"=c1_0."user_id" where c1_0."vakita_id"=?
Hibernate: select c1_0."vakita_id",c1_1."user_id",c1_1."user_email" from "vakita_has_contributors" c1_0 join "users" c1_1 on c1_1."user_id"=c1_0."user_id" where c1_0."vakita_id"=?
Hibernate: select c1_0."vakita_id",c1_1."user_id",c1_1."user_email" from "vakita_has_contributors" c1_0 join "users" c1_1 on c1_1."user_id"=c1_0."user_id" where c1_0."vakita_id"=?
Hibernate: select c1_0."vakita_id",c1_1."user_id",c1_1."user_email" from "vakita_has_contributors" c1_0 join "users" c1_1 on c1_1."user_id"=c1_0."user_id" where c1_0."vakita_id"=?
Hibernate: select c1_0."vakita_id",c1_1."user_id",c1_1."user_email" from "vakita_has_contributors" c1_0 join "users" c1_1 on c1_1."user_id"=c1_0."user_id" where c1_0."vakita_id"=?
Hibernate: select c1_0."vakita_id",c1_1."user_id",c1_1."user_email" from "vakita_has_contributors" c1_0 join "users" c1_1 on c1_1."user_id"=c1_0."user_id" where c1_0."vakita_id"=?
Hibernate: select c1_0."vakita_id",c1_1."user_id",c1_1."user_email" from "vakita_has_contributors" c1_0 join "users" c1_1 on c1_1."user_id"=c1_0."user_id" where c1_0."vakita_id"=?
Hibernate: select c1_0."vakita_id",c1_1."user_id",c1_1."user_email" from "vakita_has_contributors" c1_0 join "users" c1_1 on c1_1."user_id"=c1_0."user_id" where c1_0."vakita_id"=?
Hibernate: select c1_0."vakita_id",c1_1."user_id",c1_1."user_email" from "vakita_has_contributors" c1_0 join "users" c1_1 on c1_1."user_id"=c1_0."user_id" where c1_0."vakita_id"=?
Hibernate: select c1_0."vakita_id",c1_1."user_id",c1_1."user_email" from "vakita_has_contributors" c1_0 join "users" c1_1 on c1_1."user_id"=c1_0."user_id" where c1_0."vakita_id"=?
Hibernate: select c1_0."vakita_id",c1_1."user_id",c1_1."user_email" from "vakita_has_contributors" c1_0 join "users" c1_1 on c1_1."user_id"=c1_0."user_id" where c1_0."vakita_id"=?
Hibernate: select c1_0."vakita_id",c1_1."user_id",c1_1."user_email" from "vakita_has_contributors" c1_0 join "users" c1_1 on c1_1."user_id"=c1_0."user_id" where c1_0."vakita_id"=?
Hibernate: select c1_0."vakita_id",c1_1."user_id",c1_1."user_email" from "vakita_has_contributors" c1_0 join "users" c1_1 on c1_1."user_id"=c1_0."user_id" where c1_0."vakita_id"=?
Hibernate: select v1_0."user_id",v1_1."vakita_id",v1_1."creation_date",v1_1."cumulative_amount",v1_1."description",v1_1."expiration_date",v1_1."user_creator_id",v1_1."img_url",v1_1."is_active",v1_1."name",v1_1."total_amount",v1_1."type" from "vakita_has_contributors" v1_0 join "vakitas" v1_1 on v1_1."vakita_id"=v1_0."vakita_id" where v1_0."user_id"=?
Hibernate: select c1_0."vakita_id",c1_1."user_id",c1_1."user_email" from "vakita_has_contributors" c1_0 join "users" c1_1 on c1_1."user_id"=c1_0."user_id" where c1_0."vakita_id"=?
Hibernate: select c1_0."vakita_id",c1_1."user_id",c1_1."user_email" from "vakita_has_contributors" c1_0 join "users" c1_1 on c1_1."user_id"=c1_0."user_id" where c1_0."vakita_id"=?
Hibernate: select v1_0."user_id",v1_1."vakita_id",v1_1."creation_date",v1_1."cumulative_amount",v1_1."description",v1_1."expiration_date",v1_1."user_creator_id",v1_1."img_url",v1_1."is_active",v1_1."name",v1_1."total_amount",v1_1."type" from "vakita_has_contributors" v1_0 join "vakitas" v1_1 on v1_1."vakita_id"=v1_0."vakita_id" where v1_0."user_id"=?
Hibernate: select v1_0."user_id",v1_1."vakita_id",v1_1."creation_date",v1_1."cumulative_amount",v1_1."description",v1_1."expiration_date",v1_1."user_creator_id",v1_1."img_url",v1_1."is_active",v1_1."name",v1_1."total_amount",v1_1."type" from "vakita_has_contributors" v1_0 join "vakitas" v1_1 on v1_1."vakita_id"=v1_0."vakita_id" where v1_0."user_id"=?
Hibernate: select v1_0."user_id",v1_1."vakita_id",v1_1."creation_date",v1_1."cumulative_amount",v1_1."description",v1_1."expiration_date",v1_1."user_creator_id",v1_1."img_url",v1_1."is_active",v1_1."name",v1_1."total_amount",v1_1."type" from "vakita_has_contributors" v1_0 join "vakitas" v1_1 on v1_1."vakita_id"=v1_0."vakita_id" where v1_0."user_id"=?
Hibernate: select v1_0."user_id",v1_1."vakita_id",v1_1."creation_date",v1_1."cumulative_amount",v1_1."description",v1_1."expiration_date",v1_1."user_creator_id",v1_1."img_url",v1_1."is_active",v1_1."name",v1_1."total_amount",v1_1."type" from "vakita_has_contributors" v1_0 join "vakitas" v1_1 on v1_1."vakita_id"=v1_0."vakita_id" where v1_0."user_id"=?
Hibernate: select v1_0."user_id",v1_1."vakita_id",v1_1."creation_date",v1_1."cumulative_amount",v1_1."description",v1_1."expiration_date",v1_1."user_creator_id",v1_1."img_url",v1_1."is_active",v1_1."name",v1_1."total_amount",v1_1."type" from "vakita_has_contributors" v1_0 join "vakitas" v1_1 on v1_1."vakita_id"=v1_0."vakita_id" where v1_0."user_id"=?
Hibernate: select c1_0."vakita_id",c1_1."user_id",c1_1."user_email" from "vakita_has_contributors" c1_0 join "users" c1_1 on c1_1."user_id"=c1_0."user_id" where c1_0."vakita_id"=?
Hibernate: select v1_0."user_id",v1_1."vakita_id",v1_1."creation_date",v1_1."cumulative_amount",v1_1."description",v1_1."expiration_date",v1_1."user_creator_id",v1_1."img_url",v1_1."is_active",v1_1."name",v1_1."total_amount",v1_1."type" from "vakita_has_contributors" v1_0 join "vakitas" v1_1 on v1_1."vakita_id"=v1_0."vakita_id" where v1_0."user_id"=?
Hibernate: select c1_0."vakita_id",c1_1."user_id",c1_1."user_email" from "vakita_has_contributors" c1_0 join "users" c1_1 on c1_1."user_id"=c1_0."user_id" where c1_0."vakita_id"=?
Hibernate: select v1_0."user_id",v1_1."vakita_id",v1_1."creation_date",v1_1."cumulative_amount",v1_1."description",v1_1."expiration_date",v1_1."user_creator_id",v1_1."img_url",v1_1."is_active",v1_1."name",v1_1."total_amount",v1_1."type" from "vakita_has_contributors" v1_0 join "vakitas" v1_1 on v1_1."vakita_id"=v1_0."vakita_id" where v1_0."user_id"=?
Hibernate: select c1_0."vakita_id",c1_1."user_id",c1_1."user_email" from "vakita_has_contributors" c1_0 join "users" c1_1 on c1_1."user_id"=c1_0."user_id" where c1_0."vakita_id"=?
Hibernate: select v1_0."user_id",v1_1."vakita_id",v1_1."creation_date",v1_1."cumulative_amount",v1_1."description",v1_1."expiration_date",v1_1."user_creator_id",v1_1."img_url",v1_1."is_active",v1_1."name",v1_1."total_amount",v1_1."type" from "vakita_has_contributors" v1_0 join "vakitas" v1_1 on v1_1."vakita_id"=v1_0."vakita_id" where v1_0."user_id"=?
Hibernate: select c1_0."vakita_id",c1_1."user_id",c1_1."user_email" from "vakita_has_contributors" c1_0 join "users" c1_1 on c1_1."user_id"=c1_0."user_id" where c1_0."vakita_id"=?
Hibernate: select c1_0."vakita_id",c1_1."user_id",c1_1."user_email" from "vakita_has_contributors" c1_0 join "users" c1_1 on c1_1."user_id"=c1_0."user_id" where c1_0."vakita_id"=?
Hibernate: select c1_0."vakita_id",c1_1."user_id",c1_1."user_email" from "vakita_has_contributors" c1_0 join "users" c1_1 on c1_1."user_id"=c1_0."user_id" where c1_0."vakita_id"=?
Hibernate: select c1_0."vakita_id",c1_1."user_id",c1_1."user_email" from "vakita_has_contributors" c1_0 join "users" c1_1 on c1_1."user_id"=c1_0."user_id" where c1_0."vakita_id"=?
Hibernate: select c1_0."vakita_id",c1_1."user_id",c1_1."user_email" from "vakita_has_contributors" c1_0 join "users" c1_1 on c1_1."user_id"=c1_0."user_id" where c1_0."vakita_id"=?
Hibernate: select c1_0."vakita_id",c1_1."user_id",c1_1."user_email" from "vakita_has_contributors" c1_0 join "users" c1_1 on c1_1."user_id"=c1_0."user_id" where c1_0."vakita_id"=?
2023-08-16T20:01:19.619-03:00  INFO 105670 --- [           main] c.g.m.service.impl.VakitaService         : Get all vakitas list. Size: 56
2023-08-16T20:01:19.620-03:00  INFO 105670 --- [           main] c.g.m.service.impl.VakitaService         : Get vakitasByOwner, Size: 6
]]></system-out>
  </testcase>
  <testcase name="eModifyAmount" classname="com.grupo3.msvakitas.VakitaServiceTest" time="0.359">
    <system-out><![CDATA[Hibernate: select v1_0."vakita_id",v1_0."creation_date",v1_0."cumulative_amount",v1_0."description",v1_0."expiration_date",v1_0."user_creator_id",v1_0."img_url",v1_0."is_active",v1_0."name",v1_0."total_amount",v1_0."type",c1_0."vakita_id",c1_1."user_id",c1_1."user_email" from "vakitas" v1_0 left join ("vakita_has_contributors" c1_0 join "users" c1_1 on c1_1."user_id"=c1_0."user_id") on v1_0."vakita_id"=c1_0."vakita_id" where v1_0."vakita_id"=?
Hibernate: select v1_0."user_id",v1_1."vakita_id",v1_1."creation_date",v1_1."cumulative_amount",v1_1."description",v1_1."expiration_date",v1_1."user_creator_id",v1_1."img_url",v1_1."is_active",v1_1."name",v1_1."total_amount",v1_1."type" from "vakita_has_contributors" v1_0 join "vakitas" v1_1 on v1_1."vakita_id"=v1_0."vakita_id" where v1_0."user_id"=?
Hibernate: select c1_0."vakita_id",c1_1."user_id",c1_1."user_email" from "vakita_has_contributors" c1_0 join "users" c1_1 on c1_1."user_id"=c1_0."user_id" where c1_0."vakita_id"=?
Hibernate: select v1_0."user_id",v1_1."vakita_id",v1_1."creation_date",v1_1."cumulative_amount",v1_1."description",v1_1."expiration_date",v1_1."user_creator_id",v1_1."img_url",v1_1."is_active",v1_1."name",v1_1."total_amount",v1_1."type" from "vakita_has_contributors" v1_0 join "vakitas" v1_1 on v1_1."vakita_id"=v1_0."vakita_id" where v1_0."user_id"=?
Hibernate: select v1_0."user_id",v1_1."vakita_id",v1_1."creation_date",v1_1."cumulative_amount",v1_1."description",v1_1."expiration_date",v1_1."user_creator_id",v1_1."img_url",v1_1."is_active",v1_1."name",v1_1."total_amount",v1_1."type" from "vakita_has_contributors" v1_0 join "vakitas" v1_1 on v1_1."vakita_id"=v1_0."vakita_id" where v1_0."user_id"=?
Hibernate: select c1_0."vakita_id",c1_1."user_id",c1_1."user_email" from "vakita_has_contributors" c1_0 join "users" c1_1 on c1_1."user_id"=c1_0."user_id" where c1_0."vakita_id"=?
Hibernate: select v1_0."user_id",v1_1."vakita_id",v1_1."creation_date",v1_1."cumulative_amount",v1_1."description",v1_1."expiration_date",v1_1."user_creator_id",v1_1."img_url",v1_1."is_active",v1_1."name",v1_1."total_amount",v1_1."type" from "vakita_has_contributors" v1_0 join "vakitas" v1_1 on v1_1."vakita_id"=v1_0."vakita_id" where v1_0."user_id"=?
Hibernate: select v1_0."user_id",v1_1."vakita_id",v1_1."creation_date",v1_1."cumulative_amount",v1_1."description",v1_1."expiration_date",v1_1."user_creator_id",v1_1."img_url",v1_1."is_active",v1_1."name",v1_1."total_amount",v1_1."type" from "vakita_has_contributors" v1_0 join "vakitas" v1_1 on v1_1."vakita_id"=v1_0."vakita_id" where v1_0."user_id"=?
2023-08-16T20:01:19.651-03:00  INFO 105670 --- [           main] c.g.m.service.impl.VakitaService         : Get vakita id:1
2023-08-16T20:01:19.652-03:00  INFO 105670 --- [           main] c.g.m.service.impl.VakitaService         : Success, amount update: 100.0
Hibernate: select v1_0."vakita_id",v1_0."creation_date",v1_0."cumulative_amount",v1_0."description",v1_0."expiration_date",v1_0."user_creator_id",v1_0."img_url",v1_0."is_active",v1_0."name",v1_0."total_amount",v1_0."type",c1_0."vakita_id",c1_1."user_id",c1_1."user_email" from "vakitas" v1_0 left join ("vakita_has_contributors" c1_0 join "users" c1_1 on c1_1."user_id"=c1_0."user_id") on v1_0."vakita_id"=c1_0."vakita_id" where v1_0."vakita_id"=?
Hibernate: select v1_0."user_id",v1_1."vakita_id",v1_1."creation_date",v1_1."cumulative_amount",v1_1."description",v1_1."expiration_date",v1_1."user_creator_id",v1_1."img_url",v1_1."is_active",v1_1."name",v1_1."total_amount",v1_1."type" from "vakita_has_contributors" v1_0 join "vakitas" v1_1 on v1_1."vakita_id"=v1_0."vakita_id" where v1_0."user_id"=?
Hibernate: select c1_0."vakita_id",c1_1."user_id",c1_1."user_email" from "vakita_has_contributors" c1_0 join "users" c1_1 on c1_1."user_id"=c1_0."user_id" where c1_0."vakita_id"=?
Hibernate: select v1_0."user_id",v1_1."vakita_id",v1_1."creation_date",v1_1."cumulative_amount",v1_1."description",v1_1."expiration_date",v1_1."user_creator_id",v1_1."img_url",v1_1."is_active",v1_1."name",v1_1."total_amount",v1_1."type" from "vakita_has_contributors" v1_0 join "vakitas" v1_1 on v1_1."vakita_id"=v1_0."vakita_id" where v1_0."user_id"=?
Hibernate: select v1_0."user_id",v1_1."vakita_id",v1_1."creation_date",v1_1."cumulative_amount",v1_1."description",v1_1."expiration_date",v1_1."user_creator_id",v1_1."img_url",v1_1."is_active",v1_1."name",v1_1."total_amount",v1_1."type" from "vakita_has_contributors" v1_0 join "vakitas" v1_1 on v1_1."vakita_id"=v1_0."vakita_id" where v1_0."user_id"=?
Hibernate: select c1_0."vakita_id",c1_1."user_id",c1_1."user_email" from "vakita_has_contributors" c1_0 join "users" c1_1 on c1_1."user_id"=c1_0."user_id" where c1_0."vakita_id"=?
Hibernate: select v1_0."user_id",v1_1."vakita_id",v1_1."creation_date",v1_1."cumulative_amount",v1_1."description",v1_1."expiration_date",v1_1."user_creator_id",v1_1."img_url",v1_1."is_active",v1_1."name",v1_1."total_amount",v1_1."type" from "vakita_has_contributors" v1_0 join "vakitas" v1_1 on v1_1."vakita_id"=v1_0."vakita_id" where v1_0."user_id"=?
Hibernate: select v1_0."user_id",v1_1."vakita_id",v1_1."creation_date",v1_1."cumulative_amount",v1_1."description",v1_1."expiration_date",v1_1."user_creator_id",v1_1."img_url",v1_1."is_active",v1_1."name",v1_1."total_amount",v1_1."type" from "vakita_has_contributors" v1_0 join "vakitas" v1_1 on v1_1."vakita_id"=v1_0."vakita_id" where v1_0."user_id"=?
2023-08-16T20:01:19.665-03:00  INFO 105670 --- [           main] c.g.m.service.impl.VakitaService         : Get vakita id:1
Hibernate: select count(*) from "vakitas" v1_0 where v1_0."vakita_id"=?
Hibernate: select v1_0."vakita_id",v1_0."creation_date",v1_0."cumulative_amount",v1_0."description",v1_0."expiration_date",v1_0."user_creator_id",v1_0."img_url",v1_0."is_active",v1_0."name",v1_0."total_amount",v1_0."type",c1_0."vakita_id",c1_1."user_id",c1_1."user_email" from "vakitas" v1_0 left join ("vakita_has_contributors" c1_0 join "users" c1_1 on c1_1."user_id"=c1_0."user_id") on v1_0."vakita_id"=c1_0."vakita_id" where v1_0."vakita_id"=?
Hibernate: select v1_0."user_id",v1_1."vakita_id",v1_1."creation_date",v1_1."cumulative_amount",v1_1."description",v1_1."expiration_date",v1_1."user_creator_id",v1_1."img_url",v1_1."is_active",v1_1."name",v1_1."total_amount",v1_1."type" from "vakita_has_contributors" v1_0 join "vakitas" v1_1 on v1_1."vakita_id"=v1_0."vakita_id" where v1_0."user_id"=?
Hibernate: select c1_0."vakita_id",c1_1."user_id",c1_1."user_email" from "vakita_has_contributors" c1_0 join "users" c1_1 on c1_1."user_id"=c1_0."user_id" where c1_0."vakita_id"=?
Hibernate: select v1_0."user_id",v1_1."vakita_id",v1_1."creation_date",v1_1."cumulative_amount",v1_1."description",v1_1."expiration_date",v1_1."user_creator_id",v1_1."img_url",v1_1."is_active",v1_1."name",v1_1."total_amount",v1_1."type" from "vakita_has_contributors" v1_0 join "vakitas" v1_1 on v1_1."vakita_id"=v1_0."vakita_id" where v1_0."user_id"=?
Hibernate: select v1_0."user_id",v1_1."vakita_id",v1_1."creation_date",v1_1."cumulative_amount",v1_1."description",v1_1."expiration_date",v1_1."user_creator_id",v1_1."img_url",v1_1."is_active",v1_1."name",v1_1."total_amount",v1_1."type" from "vakita_has_contributors" v1_0 join "vakitas" v1_1 on v1_1."vakita_id"=v1_0."vakita_id" where v1_0."user_id"=?
Hibernate: select c1_0."vakita_id",c1_1."user_id",c1_1."user_email" from "vakita_has_contributors" c1_0 join "users" c1_1 on c1_1."user_id"=c1_0."user_id" where c1_0."vakita_id"=?
Hibernate: select v1_0."user_id",v1_1."vakita_id",v1_1."creation_date",v1_1."cumulative_amount",v1_1."description",v1_1."expiration_date",v1_1."user_creator_id",v1_1."img_url",v1_1."is_active",v1_1."name",v1_1."total_amount",v1_1."type" from "vakita_has_contributors" v1_0 join "vakitas" v1_1 on v1_1."vakita_id"=v1_0."vakita_id" where v1_0."user_id"=?
Hibernate: select v1_0."user_id",v1_1."vakita_id",v1_1."creation_date",v1_1."cumulative_amount",v1_1."description",v1_1."expiration_date",v1_1."user_creator_id",v1_1."img_url",v1_1."is_active",v1_1."name",v1_1."total_amount",v1_1."type" from "vakita_has_contributors" v1_0 join "vakitas" v1_1 on v1_1."vakita_id"=v1_0."vakita_id" where v1_0."user_id"=?
Hibernate: update "vakitas" set "creation_date"=?,"cumulative_amount"=?,"description"=?,"expiration_date"=?,"user_creator_id"=?,"img_url"=?,"is_active"=?,"name"=?,"total_amount"=?,"type"=? where "vakita_id"=?
Hibernate: delete from "vakita_has_contributors" where "vakita_id"=?
Hibernate: insert into "vakita_has_contributors" ("vakita_id","user_id") values (?,?)
Hibernate: insert into "vakita_has_contributors" ("vakita_id","user_id") values (?,?)
Hibernate: insert into "vakita_has_contributors" ("vakita_id","user_id") values (?,?)
Hibernate: insert into "vakita_has_contributors" ("vakita_id","user_id") values (?,?)
Hibernate: insert into "vakita_has_contributors" ("vakita_id","user_id") values (?,?)
Hibernate: insert into "vakita_has_contributors" ("vakita_id","user_id") values (?,?)
2023-08-16T20:01:19.969-03:00  INFO 105670 --- [           main] c.g.m.service.impl.VakitaService         : Update vakita id: 1
Hibernate: select v1_0."vakita_id",v1_0."creation_date",v1_0."cumulative_amount",v1_0."description",v1_0."expiration_date",v1_0."user_creator_id",v1_0."img_url",v1_0."is_active",v1_0."name",v1_0."total_amount",v1_0."type",c1_0."vakita_id",c1_1."user_id",c1_1."user_email" from "vakitas" v1_0 left join ("vakita_has_contributors" c1_0 join "users" c1_1 on c1_1."user_id"=c1_0."user_id") on v1_0."vakita_id"=c1_0."vakita_id" where v1_0."vakita_id"=?
Hibernate: select v1_0."user_id",v1_1."vakita_id",v1_1."creation_date",v1_1."cumulative_amount",v1_1."description",v1_1."expiration_date",v1_1."user_creator_id",v1_1."img_url",v1_1."is_active",v1_1."name",v1_1."total_amount",v1_1."type" from "vakita_has_contributors" v1_0 join "vakitas" v1_1 on v1_1."vakita_id"=v1_0."vakita_id" where v1_0."user_id"=?
Hibernate: select c1_0."vakita_id",c1_1."user_id",c1_1."user_email" from "vakita_has_contributors" c1_0 join "users" c1_1 on c1_1."user_id"=c1_0."user_id" where c1_0."vakita_id"=?
Hibernate: select v1_0."user_id",v1_1."vakita_id",v1_1."creation_date",v1_1."cumulative_amount",v1_1."description",v1_1."expiration_date",v1_1."user_creator_id",v1_1."img_url",v1_1."is_active",v1_1."name",v1_1."total_amount",v1_1."type" from "vakita_has_contributors" v1_0 join "vakitas" v1_1 on v1_1."vakita_id"=v1_0."vakita_id" where v1_0."user_id"=?
Hibernate: select v1_0."user_id",v1_1."vakita_id",v1_1."creation_date",v1_1."cumulative_amount",v1_1."description",v1_1."expiration_date",v1_1."user_creator_id",v1_1."img_url",v1_1."is_active",v1_1."name",v1_1."total_amount",v1_1."type" from "vakita_has_contributors" v1_0 join "vakitas" v1_1 on v1_1."vakita_id"=v1_0."vakita_id" where v1_0."user_id"=?
Hibernate: select c1_0."vakita_id",c1_1."user_id",c1_1."user_email" from "vakita_has_contributors" c1_0 join "users" c1_1 on c1_1."user_id"=c1_0."user_id" where c1_0."vakita_id"=?
Hibernate: select v1_0."user_id",v1_1."vakita_id",v1_1."creation_date",v1_1."cumulative_amount",v1_1."description",v1_1."expiration_date",v1_1."user_creator_id",v1_1."img_url",v1_1."is_active",v1_1."name",v1_1."total_amount",v1_1."type" from "vakita_has_contributors" v1_0 join "vakitas" v1_1 on v1_1."vakita_id"=v1_0."vakita_id" where v1_0."user_id"=?
Hibernate: select v1_0."user_id",v1_1."vakita_id",v1_1."creation_date",v1_1."cumulative_amount",v1_1."description",v1_1."expiration_date",v1_1."user_creator_id",v1_1."img_url",v1_1."is_active",v1_1."name",v1_1."total_amount",v1_1."type" from "vakita_has_contributors" v1_0 join "vakitas" v1_1 on v1_1."vakita_id"=v1_0."vakita_id" where v1_0."user_id"=?
2023-08-16T20:01:19.981-03:00  INFO 105670 --- [           main] c.g.m.service.impl.VakitaService         : Get vakita id:1
]]></system-out>
  </testcase>
  <testcase name="fGetVakitasActivesByContributor" classname="com.grupo3.msvakitas.VakitaServiceTest" time="0.077">
    <system-out><![CDATA[Hibernate: select v1_0."vakita_id",v1_0."creation_date",v1_0."cumulative_amount",v1_0."description",v1_0."expiration_date",v1_0."user_creator_id",v1_0."img_url",v1_0."is_active",v1_0."name",v1_0."total_amount",v1_0."type" from "vakitas" v1_0
Hibernate: select c1_0."vakita_id",c1_1."user_id",c1_1."user_email" from "vakita_has_contributors" c1_0 join "users" c1_1 on c1_1."user_id"=c1_0."user_id" where c1_0."vakita_id"=?
Hibernate: select c1_0."vakita_id",c1_1."user_id",c1_1."user_email" from "vakita_has_contributors" c1_0 join "users" c1_1 on c1_1."user_id"=c1_0."user_id" where c1_0."vakita_id"=?
Hibernate: select c1_0."vakita_id",c1_1."user_id",c1_1."user_email" from "vakita_has_contributors" c1_0 join "users" c1_1 on c1_1."user_id"=c1_0."user_id" where c1_0."vakita_id"=?
Hibernate: select c1_0."vakita_id",c1_1."user_id",c1_1."user_email" from "vakita_has_contributors" c1_0 join "users" c1_1 on c1_1."user_id"=c1_0."user_id" where c1_0."vakita_id"=?
Hibernate: select c1_0."vakita_id",c1_1."user_id",c1_1."user_email" from "vakita_has_contributors" c1_0 join "users" c1_1 on c1_1."user_id"=c1_0."user_id" where c1_0."vakita_id"=?
Hibernate: select c1_0."vakita_id",c1_1."user_id",c1_1."user_email" from "vakita_has_contributors" c1_0 join "users" c1_1 on c1_1."user_id"=c1_0."user_id" where c1_0."vakita_id"=?
Hibernate: select c1_0."vakita_id",c1_1."user_id",c1_1."user_email" from "vakita_has_contributors" c1_0 join "users" c1_1 on c1_1."user_id"=c1_0."user_id" where c1_0."vakita_id"=?
Hibernate: select c1_0."vakita_id",c1_1."user_id",c1_1."user_email" from "vakita_has_contributors" c1_0 join "users" c1_1 on c1_1."user_id"=c1_0."user_id" where c1_0."vakita_id"=?
Hibernate: select c1_0."vakita_id",c1_1."user_id",c1_1."user_email" from "vakita_has_contributors" c1_0 join "users" c1_1 on c1_1."user_id"=c1_0."user_id" where c1_0."vakita_id"=?
Hibernate: select c1_0."vakita_id",c1_1."user_id",c1_1."user_email" from "vakita_has_contributors" c1_0 join "users" c1_1 on c1_1."user_id"=c1_0."user_id" where c1_0."vakita_id"=?
Hibernate: select c1_0."vakita_id",c1_1."user_id",c1_1."user_email" from "vakita_has_contributors" c1_0 join "users" c1_1 on c1_1."user_id"=c1_0."user_id" where c1_0."vakita_id"=?
Hibernate: select c1_0."vakita_id",c1_1."user_id",c1_1."user_email" from "vakita_has_contributors" c1_0 join "users" c1_1 on c1_1."user_id"=c1_0."user_id" where c1_0."vakita_id"=?
Hibernate: select c1_0."vakita_id",c1_1."user_id",c1_1."user_email" from "vakita_has_contributors" c1_0 join "users" c1_1 on c1_1."user_id"=c1_0."user_id" where c1_0."vakita_id"=?
Hibernate: select c1_0."vakita_id",c1_1."user_id",c1_1."user_email" from "vakita_has_contributors" c1_0 join "users" c1_1 on c1_1."user_id"=c1_0."user_id" where c1_0."vakita_id"=?
Hibernate: select c1_0."vakita_id",c1_1."user_id",c1_1."user_email" from "vakita_has_contributors" c1_0 join "users" c1_1 on c1_1."user_id"=c1_0."user_id" where c1_0."vakita_id"=?
Hibernate: select c1_0."vakita_id",c1_1."user_id",c1_1."user_email" from "vakita_has_contributors" c1_0 join "users" c1_1 on c1_1."user_id"=c1_0."user_id" where c1_0."vakita_id"=?
Hibernate: select c1_0."vakita_id",c1_1."user_id",c1_1."user_email" from "vakita_has_contributors" c1_0 join "users" c1_1 on c1_1."user_id"=c1_0."user_id" where c1_0."vakita_id"=?
Hibernate: select c1_0."vakita_id",c1_1."user_id",c1_1."user_email" from "vakita_has_contributors" c1_0 join "users" c1_1 on c1_1."user_id"=c1_0."user_id" where c1_0."vakita_id"=?
Hibernate: select c1_0."vakita_id",c1_1."user_id",c1_1."user_email" from "vakita_has_contributors" c1_0 join "users" c1_1 on c1_1."user_id"=c1_0."user_id" where c1_0."vakita_id"=?
Hibernate: select c1_0."vakita_id",c1_1."user_id",c1_1."user_email" from "vakita_has_contributors" c1_0 join "users" c1_1 on c1_1."user_id"=c1_0."user_id" where c1_0."vakita_id"=?
Hibernate: select c1_0."vakita_id",c1_1."user_id",c1_1."user_email" from "vakita_has_contributors" c1_0 join "users" c1_1 on c1_1."user_id"=c1_0."user_id" where c1_0."vakita_id"=?
Hibernate: select c1_0."vakita_id",c1_1."user_id",c1_1."user_email" from "vakita_has_contributors" c1_0 join "users" c1_1 on c1_1."user_id"=c1_0."user_id" where c1_0."vakita_id"=?
Hibernate: select c1_0."vakita_id",c1_1."user_id",c1_1."user_email" from "vakita_has_contributors" c1_0 join "users" c1_1 on c1_1."user_id"=c1_0."user_id" where c1_0."vakita_id"=?
Hibernate: select c1_0."vakita_id",c1_1."user_id",c1_1."user_email" from "vakita_has_contributors" c1_0 join "users" c1_1 on c1_1."user_id"=c1_0."user_id" where c1_0."vakita_id"=?
Hibernate: select c1_0."vakita_id",c1_1."user_id",c1_1."user_email" from "vakita_has_contributors" c1_0 join "users" c1_1 on c1_1."user_id"=c1_0."user_id" where c1_0."vakita_id"=?
Hibernate: select c1_0."vakita_id",c1_1."user_id",c1_1."user_email" from "vakita_has_contributors" c1_0 join "users" c1_1 on c1_1."user_id"=c1_0."user_id" where c1_0."vakita_id"=?
Hibernate: select c1_0."vakita_id",c1_1."user_id",c1_1."user_email" from "vakita_has_contributors" c1_0 join "users" c1_1 on c1_1."user_id"=c1_0."user_id" where c1_0."vakita_id"=?
Hibernate: select c1_0."vakita_id",c1_1."user_id",c1_1."user_email" from "vakita_has_contributors" c1_0 join "users" c1_1 on c1_1."user_id"=c1_0."user_id" where c1_0."vakita_id"=?
Hibernate: select c1_0."vakita_id",c1_1."user_id",c1_1."user_email" from "vakita_has_contributors" c1_0 join "users" c1_1 on c1_1."user_id"=c1_0."user_id" where c1_0."vakita_id"=?
Hibernate: select c1_0."vakita_id",c1_1."user_id",c1_1."user_email" from "vakita_has_contributors" c1_0 join "users" c1_1 on c1_1."user_id"=c1_0."user_id" where c1_0."vakita_id"=?
Hibernate: select c1_0."vakita_id",c1_1."user_id",c1_1."user_email" from "vakita_has_contributors" c1_0 join "users" c1_1 on c1_1."user_id"=c1_0."user_id" where c1_0."vakita_id"=?
Hibernate: select c1_0."vakita_id",c1_1."user_id",c1_1."user_email" from "vakita_has_contributors" c1_0 join "users" c1_1 on c1_1."user_id"=c1_0."user_id" where c1_0."vakita_id"=?
Hibernate: select c1_0."vakita_id",c1_1."user_id",c1_1."user_email" from "vakita_has_contributors" c1_0 join "users" c1_1 on c1_1."user_id"=c1_0."user_id" where c1_0."vakita_id"=?
Hibernate: select c1_0."vakita_id",c1_1."user_id",c1_1."user_email" from "vakita_has_contributors" c1_0 join "users" c1_1 on c1_1."user_id"=c1_0."user_id" where c1_0."vakita_id"=?
Hibernate: select c1_0."vakita_id",c1_1."user_id",c1_1."user_email" from "vakita_has_contributors" c1_0 join "users" c1_1 on c1_1."user_id"=c1_0."user_id" where c1_0."vakita_id"=?
Hibernate: select c1_0."vakita_id",c1_1."user_id",c1_1."user_email" from "vakita_has_contributors" c1_0 join "users" c1_1 on c1_1."user_id"=c1_0."user_id" where c1_0."vakita_id"=?
Hibernate: select c1_0."vakita_id",c1_1."user_id",c1_1."user_email" from "vakita_has_contributors" c1_0 join "users" c1_1 on c1_1."user_id"=c1_0."user_id" where c1_0."vakita_id"=?
Hibernate: select c1_0."vakita_id",c1_1."user_id",c1_1."user_email" from "vakita_has_contributors" c1_0 join "users" c1_1 on c1_1."user_id"=c1_0."user_id" where c1_0."vakita_id"=?
Hibernate: select c1_0."vakita_id",c1_1."user_id",c1_1."user_email" from "vakita_has_contributors" c1_0 join "users" c1_1 on c1_1."user_id"=c1_0."user_id" where c1_0."vakita_id"=?
Hibernate: select c1_0."vakita_id",c1_1."user_id",c1_1."user_email" from "vakita_has_contributors" c1_0 join "users" c1_1 on c1_1."user_id"=c1_0."user_id" where c1_0."vakita_id"=?
Hibernate: select c1_0."vakita_id",c1_1."user_id",c1_1."user_email" from "vakita_has_contributors" c1_0 join "users" c1_1 on c1_1."user_id"=c1_0."user_id" where c1_0."vakita_id"=?
Hibernate: select c1_0."vakita_id",c1_1."user_id",c1_1."user_email" from "vakita_has_contributors" c1_0 join "users" c1_1 on c1_1."user_id"=c1_0."user_id" where c1_0."vakita_id"=?
Hibernate: select c1_0."vakita_id",c1_1."user_id",c1_1."user_email" from "vakita_has_contributors" c1_0 join "users" c1_1 on c1_1."user_id"=c1_0."user_id" where c1_0."vakita_id"=?
Hibernate: select c1_0."vakita_id",c1_1."user_id",c1_1."user_email" from "vakita_has_contributors" c1_0 join "users" c1_1 on c1_1."user_id"=c1_0."user_id" where c1_0."vakita_id"=?
Hibernate: select c1_0."vakita_id",c1_1."user_id",c1_1."user_email" from "vakita_has_contributors" c1_0 join "users" c1_1 on c1_1."user_id"=c1_0."user_id" where c1_0."vakita_id"=?
Hibernate: select c1_0."vakita_id",c1_1."user_id",c1_1."user_email" from "vakita_has_contributors" c1_0 join "users" c1_1 on c1_1."user_id"=c1_0."user_id" where c1_0."vakita_id"=?
Hibernate: select c1_0."vakita_id",c1_1."user_id",c1_1."user_email" from "vakita_has_contributors" c1_0 join "users" c1_1 on c1_1."user_id"=c1_0."user_id" where c1_0."vakita_id"=?
Hibernate: select c1_0."vakita_id",c1_1."user_id",c1_1."user_email" from "vakita_has_contributors" c1_0 join "users" c1_1 on c1_1."user_id"=c1_0."user_id" where c1_0."vakita_id"=?
Hibernate: select c1_0."vakita_id",c1_1."user_id",c1_1."user_email" from "vakita_has_contributors" c1_0 join "users" c1_1 on c1_1."user_id"=c1_0."user_id" where c1_0."vakita_id"=?
Hibernate: select c1_0."vakita_id",c1_1."user_id",c1_1."user_email" from "vakita_has_contributors" c1_0 join "users" c1_1 on c1_1."user_id"=c1_0."user_id" where c1_0."vakita_id"=?
Hibernate: select c1_0."vakita_id",c1_1."user_id",c1_1."user_email" from "vakita_has_contributors" c1_0 join "users" c1_1 on c1_1."user_id"=c1_0."user_id" where c1_0."vakita_id"=?
Hibernate: select c1_0."vakita_id",c1_1."user_id",c1_1."user_email" from "vakita_has_contributors" c1_0 join "users" c1_1 on c1_1."user_id"=c1_0."user_id" where c1_0."vakita_id"=?
Hibernate: select c1_0."vakita_id",c1_1."user_id",c1_1."user_email" from "vakita_has_contributors" c1_0 join "users" c1_1 on c1_1."user_id"=c1_0."user_id" where c1_0."vakita_id"=?
Hibernate: select c1_0."vakita_id",c1_1."user_id",c1_1."user_email" from "vakita_has_contributors" c1_0 join "users" c1_1 on c1_1."user_id"=c1_0."user_id" where c1_0."vakita_id"=?
Hibernate: select c1_0."vakita_id",c1_1."user_id",c1_1."user_email" from "vakita_has_contributors" c1_0 join "users" c1_1 on c1_1."user_id"=c1_0."user_id" where c1_0."vakita_id"=?
Hibernate: select c1_0."vakita_id",c1_1."user_id",c1_1."user_email" from "vakita_has_contributors" c1_0 join "users" c1_1 on c1_1."user_id"=c1_0."user_id" where c1_0."vakita_id"=?
Hibernate: select c1_0."vakita_id",c1_1."user_id",c1_1."user_email" from "vakita_has_contributors" c1_0 join "users" c1_1 on c1_1."user_id"=c1_0."user_id" where c1_0."vakita_id"=?
Hibernate: select c1_0."vakita_id",c1_1."user_id",c1_1."user_email" from "vakita_has_contributors" c1_0 join "users" c1_1 on c1_1."user_id"=c1_0."user_id" where c1_0."vakita_id"=?
Hibernate: select c1_0."vakita_id",c1_1."user_id",c1_1."user_email" from "vakita_has_contributors" c1_0 join "users" c1_1 on c1_1."user_id"=c1_0."user_id" where c1_0."vakita_id"=?
Hibernate: select c1_0."vakita_id",c1_1."user_id",c1_1."user_email" from "vakita_has_contributors" c1_0 join "users" c1_1 on c1_1."user_id"=c1_0."user_id" where c1_0."vakita_id"=?
Hibernate: select c1_0."vakita_id",c1_1."user_id",c1_1."user_email" from "vakita_has_contributors" c1_0 join "users" c1_1 on c1_1."user_id"=c1_0."user_id" where c1_0."vakita_id"=?
Hibernate: select c1_0."vakita_id",c1_1."user_id",c1_1."user_email" from "vakita_has_contributors" c1_0 join "users" c1_1 on c1_1."user_id"=c1_0."user_id" where c1_0."vakita_id"=?
Hibernate: select c1_0."vakita_id",c1_1."user_id",c1_1."user_email" from "vakita_has_contributors" c1_0 join "users" c1_1 on c1_1."user_id"=c1_0."user_id" where c1_0."vakita_id"=?
Hibernate: select c1_0."vakita_id",c1_1."user_id",c1_1."user_email" from "vakita_has_contributors" c1_0 join "users" c1_1 on c1_1."user_id"=c1_0."user_id" where c1_0."vakita_id"=?
Hibernate: select c1_0."vakita_id",c1_1."user_id",c1_1."user_email" from "vakita_has_contributors" c1_0 join "users" c1_1 on c1_1."user_id"=c1_0."user_id" where c1_0."vakita_id"=?
Hibernate: select c1_0."vakita_id",c1_1."user_id",c1_1."user_email" from "vakita_has_contributors" c1_0 join "users" c1_1 on c1_1."user_id"=c1_0."user_id" where c1_0."vakita_id"=?
Hibernate: select c1_0."vakita_id",c1_1."user_id",c1_1."user_email" from "vakita_has_contributors" c1_0 join "users" c1_1 on c1_1."user_id"=c1_0."user_id" where c1_0."vakita_id"=?
Hibernate: select v1_0."user_id",v1_1."vakita_id",v1_1."creation_date",v1_1."cumulative_amount",v1_1."description",v1_1."expiration_date",v1_1."user_creator_id",v1_1."img_url",v1_1."is_active",v1_1."name",v1_1."total_amount",v1_1."type" from "vakita_has_contributors" v1_0 join "vakitas" v1_1 on v1_1."vakita_id"=v1_0."vakita_id" where v1_0."user_id"=?
Hibernate: select c1_0."vakita_id",c1_1."user_id",c1_1."user_email" from "vakita_has_contributors" c1_0 join "users" c1_1 on c1_1."user_id"=c1_0."user_id" where c1_0."vakita_id"=?
Hibernate: select c1_0."vakita_id",c1_1."user_id",c1_1."user_email" from "vakita_has_contributors" c1_0 join "users" c1_1 on c1_1."user_id"=c1_0."user_id" where c1_0."vakita_id"=?
Hibernate: select v1_0."user_id",v1_1."vakita_id",v1_1."creation_date",v1_1."cumulative_amount",v1_1."description",v1_1."expiration_date",v1_1."user_creator_id",v1_1."img_url",v1_1."is_active",v1_1."name",v1_1."total_amount",v1_1."type" from "vakita_has_contributors" v1_0 join "vakitas" v1_1 on v1_1."vakita_id"=v1_0."vakita_id" where v1_0."user_id"=?
[...]
Hibernate: select c1_0."vakita_id",c1_1."user_id",c1_1."user_email" from "vakita_has_contributors" c1_0 join "users" c1_1 on c1_1."user_id"=c1_0."user_id" where c1_0."vakita_id"=?
Hibernate: select c1_0."vakita_id",c1_1."user_id",c1_1."user_email" from "vakita_has_contributors" c1_0 join "users" c1_1 on c1_1."user_id"=c1_0."user_id" where c1_0."vakita_id"=?
Hibernate: select c1_0."vakita_id",c1_1."user_id",c1_1."user_email" from "vakita_has_contributors" c1_0 join "users" c1_1 on c1_1."user_id"=c1_0."user_id" where c1_0."vakita_id"=?
Hibernate: select c1_0."vakita_id",c1_1."user_id",c1_1."user_email" from "vakita_has_contributors" c1_0 join "users" c1_1 on c1_1."user_id"=c1_0."user_id" where c1_0."vakita_id"=?
Hibernate: select c1_0."vakita_id",c1_1."user_id",c1_1."user_email" from "vakita_has_contributors" c1_0 join "users" c1_1 on c1_1."user_id"=c1_0."user_id" where c1_0."vakita_id"=?
Hibernate: select c1_0."vakita_id",c1_1."user_id",c1_1."user_email" from "vakita_has_contributors" c1_0 join "users" c1_1 on c1_1."user_id"=c1_0."user_id" where c1_0."vakita_id"=?
Hibernate: select c1_0."vakita_id",c1_1."user_id",c1_1."user_email" from "vakita_has_contributors" c1_0 join "users" c1_1 on c1_1."user_id"=c1_0."user_id" where c1_0."vakita_id"=?
Hibernate: select c1_0."vakita_id",c1_1."user_id",c1_1."user_email" from "vakita_has_contributors" c1_0 join "users" c1_1 on c1_1."user_id"=c1_0."user_id" where c1_0."vakita_id"=?
Hibernate: select c1_0."vakita_id",c1_1."user_id",c1_1."user_email" from "vakita_has_contributors" c1_0 join "users" c1_1 on c1_1."user_id"=c1_0."user_id" where c1_0."vakita_id"=?
Hibernate: select c1_0."vakita_id",c1_1."user_id",c1_1."user_email" from "vakita_has_contributors" c1_0 join "users" c1_1 on c1_1."user_id"=c1_0."user_id" where c1_0."vakita_id"=?
Hibernate: select c1_0."vakita_id",c1_1."user_id",c1_1."user_email" from "vakita_has_contributors" c1_0 join "users" c1_1 on c1_1."user_id"=c1_0."user_id" where c1_0."vakita_id"=?
Hibernate: select c1_0."vakita_id",c1_1."user_id",c1_1."user_email" from "vakita_has_contributors" c1_0 join "users" c1_1 on c1_1."user_id"=c1_0."user_id" where c1_0."vakita_id"=?
Hibernate: select c1_0."vakita_id",c1_1."user_id",c1_1."user_email" from "vakita_has_contributors" c1_0 join "users" c1_1 on c1_1."user_id"=c1_0."user_id" where c1_0."vakita_id"=?
Hibernate: select c1_0."vakita_id",c1_1."user_id",c1_1."user_email" from "vakita_has_contributors" c1_0 join "users" c1_1 on c1_1."user_id"=c1_0."user_id" where c1_0."vakita_id"=?
Hibernate: select c1_0."vakita_id",c1_1."user_id",c1_1."user_email" from "vakita_has_contributors" c1_0 join "users" c1_1 on c1_1."user_id"=c1_0."user_id" where c1_0."vakita_id"=?
Hibernate: select c1_0."vakita_id",c1_1."user_id",c1_1."user_email" from "vakita_has_contributors" c1_0 join "users" c1_1 on c1_1."user_id"=c1_0."user_id" where c1_0."vakita_id"=?
Hibernate: select c1_0."vakita_id",c1_1."user_id",c1_1."user_email" from "vakita_has_contributors" c1_0 join "users" c1_1 on c1_1."user_id"=c1_0."user_id" where c1_0."vakita_id"=?
Hibernate: select c1_0."vakita_id",c1_1."user_id",c1_1."user_email" from "vakita_has_contributors" c1_0 join "users" c1_1 on c1_1."user_id"=c1_0."user_id" where c1_0."vakita_id"=?
Hibernate: select c1_0."vakita_id",c1_1."user_id",c1_1."user_email" from "vakita_has_contributors" c1_0 join "users" c1_1 on c1_1."user_id"=c1_0."user_id" where c1_0."vakita_id"=?
Hibernate: select c1_0."vakita_id",c1_1."user_id",c1_1."user_email" from "vakita_has_contributors" c1_0 join "users" c1_1 on c1_1."user_id"=c1_0."user_id" where c1_0."vakita_id"=?
Hibernate: select c1_0."vakita_id",c1_1."user_id",c1_1."user_email" from "vakita_has_contributors" c1_0 join "users" c1_1 on c1_1."user_id"=c1_0."user_id" where c1_0."vakita_id"=?
Hibernate: select c1_0."vakita_id",c1_1."user_id",c1_1."user_email" from "vakita_has_contributors" c1_0 join "users" c1_1 on c1_1."user_id"=c1_0."user_id" where c1_0."vakita_id"=?
Hibernate: select c1_0."vakita_id",c1_1."user_id",c1_1."user_email" from "vakita_has_contributors" c1_0 join "users" c1_1 on c1_1."user_id"=c1_0."user_id" where c1_0."vakita_id"=?
Hibernate: select c1_0."vakita_id",c1_1."user_id",c1_1."user_email" from "vakita_has_contributors" c1_0 join "users" c1_1 on c1_1."user_id"=c1_0."user_id" where c1_0."vakita_id"=?
Hibernate: select c1_0."vakita_id",c1_1."user_id",c1_1."user_email" from "vakita_has_contributors" c1_0 join "users" c1_1 on c1_1."user_id"=c1_0."user_id" where c1_0."vakita_id"=?
Hibernate: select c1_0."vakita_id",c1_1."user_id",c1_1."user_email" from "vakita_has_contributors" c1_0 join "users" c1_1 on c1_1."user_id"=c1_0."user_id" where c1_0."vakita_id"=?
Hibernate: select c1_0."vakita_id",c1_1."user_id",c1_1."user_email" from "vakita_has_contributors" c1_0 join "users" c1_1 on c1_1."user_id"=c1_0."user_id" where c1_0."vakita_id"=?
Hibernate: select c1_0."vakita_id",c1_1."user_id",c1_1."user_email" from "vakita_has_contributors" c1_0 join "users" c1_1 on c1_1."user_id"=c1_0."user_id" where c1_0."vakita_id"=?
Hibernate: select c1_0."vakita_id",c1_1."user_id",c1_1."user_email" from "vakita_has_contributors" c1_0 join "users" c1_1 on c1_1."user_id"=c1_0."user_id" where c1_0."vakita_id"=?
Hibernate: select c1_0."vakita_id",c1_1."user_id",c1_1."user_email" from "vakita_has_contributors" c1_0 join "users" c1_1 on c1_1."user_id"=c1_0."user_id" where c1_0."vakita_id"=?
Hibernate: select c1_0."vakita_id",c1_1."user_id",c1_1."user_email" from "vakita_has_contributors" c1_0 join "users" c1_1 on c1_1."user_id"=c1_0."user_id" where c1_0."vakita_id"=?
Hibernate: select c1_0."vakita_id",c1_1."user_id",c1_1."user_email" from "vakita_has_contributors" c1_0 join "users" c1_1 on c1_1."user_id"=c1_0."user_id" where c1_0."vakita_id"=?
Hibernate: select c1_0."vakita_id",c1_1."user_id",c1_1."user_email" from "vakita_has_contributors" c1_0 join "users" c1_1 on c1_1."user_id"=c1_0."user_id" where c1_0."vakita_id"=?
Hibernate: select c1_0."vakita_id",c1_1."user_id",c1_1."user_email" from "vakita_has_contributors" c1_0 join "users" c1_1 on c1_1."user_id"=c1_0."user_id" where c1_0."vakita_id"=?
Hibernate: select c1_0."vakita_id",c1_1."user_id",c1_1."user_email" from "vakita_has_contributors" c1_0 join "users" c1_1 on c1_1."user_id"=c1_0."user_id" where c1_0."vakita_id"=?
Hibernate: select c1_0."vakita_id",c1_1."user_id",c1_1."user_email" from "vakita_has_contributors" c1_0 join "users" c1_1 on c1_1."user_id"=c1_0."user_id" where c1_0."vakita_id"=?
Hibernate: select c1_0."vakita_id",c1_1."user_id",c1_1."user_email" from "vakita_has_contributors" c1_0 join "users" c1_1 on c1_1."user_id"=c1_0."user_id" where c1_0."vakita_id"=?
Hibernate: select c1_0."vakita_id",c1_1."user_id",c1_1."user_email" from "vakita_has_contributors" c1_0 join "users" c1_1 on c1_1."user_id"=c1_0."user_id" where c1_0."vakita_id"=?
Hibernate: select c1_0."vakita_id",c1_1."user_id",c1_1."user_email" from "vakita_has_contributors" c1_0 join "users" c1_1 on c1_1."user_id"=c1_0."user_id" where c1_0."vakita_id"=?
Hibernate: select c1_0."vakita_id",c1_1."user_id",c1_1."user_email" from "vakita_has_contributors" c1_0 join "users" c1_1 on c1_1."user_id"=c1_0."user_id" where c1_0."vakita_id"=?
Hibernate: select c1_0."vakita_id",c1_1."user_id",c1_1."user_email" from "vakita_has_contributors" c1_0 join "users" c1_1 on c1_1."user_id"=c1_0."user_id" where c1_0."vakita_id"=?
Hibernate: select c1_0."vakita_id",c1_1."user_id",c1_1."user_email" from "vakita_has_contributors" c1_0 join "users" c1_1 on c1_1."user_id"=c1_0."user_id" where c1_0."vakita_id"=?
Hibernate: select c1_0."vakita_id",c1_1."user_id",c1_1."user_email" from "vakita_has_contributors" c1_0 join "users" c1_1 on c1_1."user_id"=c1_0."user_id" where c1_0."vakita_id"=?
Hibernate: select c1_0."vakita_id",c1_1."user_id",c1_1."user_email" from "vakita_has_contributors" c1_0 join "users" c1_1 on c1_1."user_id"=c1_0."user_id" where c1_0."vakita_id"=?
Hibernate: select c1_0."vakita_id",c1_1."user_id",c1_1."user_email" from "vakita_has_contributors" c1_0 join "users" c1_1 on c1_1."user_id"=c1_0."user_id" where c1_0."vakita_id"=?
Hibernate: select c1_0."vakita_id",c1_1."user_id",c1_1."user_email" from "vakita_has_contributors" c1_0 join "users" c1_1 on c1_1."user_id"=c1_0."user_id" where c1_0."vakita_id"=?
Hibernate: select c1_0."vakita_id",c1_1."user_id",c1_1."user_email" from "vakita_has_contributors" c1_0 join "users" c1_1 on c1_1."user_id"=c1_0."user_id" where c1_0."vakita_id"=?
Hibernate: select c1_0."vakita_id",c1_1."user_id",c1_1."user_email" from "vakita_has_contributors" c1_0 join "users" c1_1 on c1_1."user_id"=c1_0."user_id" where c1_0."vakita_id"=?
Hibernate: select c1_0."vakita_id",c1_1."user_id",c1_1."user_email" from "vakita_has_contributors" c1_0 join "users" c1_1 on c1_1."user_id"=c1_0."user_id" where c1_0."vakita_id"=?
Hibernate: select c1_0."vakita_id",c1_1."user_id",c1_1."user_email" from "vakita_has_contributors" c1_0 join "users" c1_1 on c1_1."user_id"=c1_0."user_id" where c1_0."vakita_id"=?
Hibernate: select c1_0."vakita_id",c1_1."user_id",c1_1."user_email" from "vakita_has_contributors" c1_0 join "users" c1_1 on c1_1."user_id"=c1_0."user_id" where c1_0."vakita_id"=?
Hibernate: select c1_0."vakita_id",c1_1."user_id",c1_1."user_email" from "vakita_has_contributors" c1_0 join "users" c1_1 on c1_1."user_id"=c1_0."user_id" where c1_0."vakita_id"=?
Hibernate: select c1_0."vakita_id",c1_1."user_id",c1_1."user_email" from "vakita_has_contributors" c1_0 join "users" c1_1 on c1_1."user_id"=c1_0."user_id" where c1_0."vakita_id"=?
Hibernate: select c1_0."vakita_id",c1_1."user_id",c1_1."user_email" from "vakita_has_contributors" c1_0 join "users" c1_1 on c1_1."user_id"=c1_0."user_id" where c1_0."vakita_id"=?
Hibernate: select c1_0."vakita_id",c1_1."user_id",c1_1."user_email" from "vakita_has_contributors" c1_0 join "users" c1_1 on c1_1."user_id"=c1_0."user_id" where c1_0."vakita_id"=?
Hibernate: select c1_0."vakita_id",c1_1."user_id",c1_1."user_email" from "vakita_has_contributors" c1_0 join "users" c1_1 on c1_1."user_id"=c1_0."user_id" where c1_0."vakita_id"=?
Hibernate: select c1_0."vakita_id",c1_1."user_id",c1_1."user_email" from "vakita_has_contributors" c1_0 join "users" c1_1 on c1_1."user_id"=c1_0."user_id" where c1_0."vakita_id"=?
Hibernate: select c1_0."vakita_id",c1_1."user_id",c1_1."user_email" from "vakita_has_contributors" c1_0 join "users" c1_1 on c1_1."user_id"=c1_0."user_id" where c1_0."vakita_id"=?
Hibernate: select c1_0."vakita_id",c1_1."user_id",c1_1."user_email" from "vakita_has_contributors" c1_0 join "users" c1_1 on c1_1."user_id"=c1_0."user_id" where c1_0."vakita_id"=?
Hibernate: select v1_0."user_id",v1_1."vakita_id",v1_1."creation_date",v1_1."cumulative_amount",v1_1."description",v1_1."expiration_date",v1_1."user_creator_id",v1_1."img_url",v1_1."is_active",v1_1."name",v1_1."total_amount",v1_1."type" from "vakita_has_contributors" v1_0 join "vakitas" v1_1 on v1_1."vakita_id"=v1_0."vakita_id" where v1_0."user_id"=?
Hibernate: select c1_0."vakita_id",c1_1."user_id",c1_1."user_email" from "vakita_has_contributors" c1_0 join "users" c1_1 on c1_1."user_id"=c1_0."user_id" where c1_0."vakita_id"=?
Hibernate: select c1_0."vakita_id",c1_1."user_id",c1_1."user_email" from "vakita_has_contributors" c1_0 join "users" c1_1 on c1_1."user_id"=c1_0."user_id" where c1_0."vakita_id"=?
Hibernate: select v1_0."user_id",v1_1."vakita_id",v1_1."creation_date",v1_1."cumulative_amount",v1_1."description",v1_1."expiration_date",v1_1."user_creator_id",v1_1."img_url",v1_1."is_active",v1_1."name",v1_1."total_amount",v1_1."type" from "vakita_has_contributors" v1_0 join "vakitas" v1_1 on v1_1."vakita_id"=v1_0."vakita_id" where v1_0."user_id"=?
Hibernate: select v1_0."user_id",v1_1."vakita_id",v1_1."creation_date",v1_1."cumulative_amount",v1_1."description",v1_1."expiration_date",v1_1."user_creator_id",v1_1."img_url",v1_1."is_active",v1_1."name",v1_1."total_amount",v1_1."type" from "vakita_has_contributors" v1_0 join "vakitas" v1_1 on v1_1."vakita_id"=v1_0."vakita_id" where v1_0."user_id"=?
Hibernate: select v1_0."user_id",v1_1."vakita_id",v1_1."creation_date",v1_1."cumulative_amount",v1_1."description",v1_1."expiration_date",v1_1."user_creator_id",v1_1."img_url",v1_1."is_active",v1_1."name",v1_1."total_amount",v1_1."type" from "vakita_has_contributors" v1_0 join "vakitas" v1_1 on v1_1."vakita_id"=v1_0."vakita_id" where v1_0."user_id"=?
Hibernate: select v1_0."user_id",v1_1."vakita_id",v1_1."creation_date",v1_1."cumulative_amount",v1_1."description",v1_1."expiration_date",v1_1."user_creator_id",v1_1."img_url",v1_1."is_active",v1_1."name",v1_1."total_amount",v1_1."type" from "vakita_has_contributors" v1_0 join "vakitas" v1_1 on v1_1."vakita_id"=v1_0."vakita_id" where v1_0."user_id"=?
Hibernate: select v1_0."user_id",v1_1."vakita_id",v1_1."creation_date",v1_1."cumulative_amount",v1_1."description",v1_1."expiration_date",v1_1."user_creator_id",v1_1."img_url",v1_1."is_active",v1_1."name",v1_1."total_amount",v1_1."type" from "vakita_has_contributors" v1_0 join "vakitas" v1_1 on v1_1."vakita_id"=v1_0."vakita_id" where v1_0."user_id"=?
Hibernate: select c1_0."vakita_id",c1_1."user_id",c1_1."user_email" from "vakita_has_contributors" c1_0 join "users" c1_1 on c1_1."user_id"=c1_0."user_id" where c1_0."vakita_id"=?
Hibernate: select v1_0."user_id",v1_1."vakita_id",v1_1."creation_date",v1_1."cumulative_amount",v1_1."description",v1_1."expiration_date",v1_1."user_creator_id",v1_1."img_url",v1_1."is_active",v1_1."name",v1_1."total_amount",v1_1."type" from "vakita_has_contributors" v1_0 join "vakitas" v1_1 on v1_1."vakita_id"=v1_0."vakita_id" where v1_0."user_id"=?
Hibernate: select c1_0."vakita_id",c1_1."user_id",c1_1."user_email" from "vakita_has_contributors" c1_0 join "users" c1_1 on c1_1."user_id"=c1_0."user_id" where c1_0."vakita_id"=?
Hibernate: select v1_0."user_id",v1_1."vakita_id",v1_1."creation_date",v1_1."cumulative_amount",v1_1."description",v1_1."expiration_date",v1_1."user_creator_id",v1_1."img_url",v1_1."is_active",v1_1."name",v1_1."total_amount",v1_1."type" from "vakita_has_contributors" v1_0 join "vakitas" v1_1 on v1_1."vakita_id"=v1_0."vakita_id" where v1_0."user_id"=?
Hibernate: select c1_0."vakita_id",c1_1."user_id",c1_1."user_email" from "vakita_has_contributors" c1_0 join "users" c1_1 on c1_1."user_id"=c1_0."user_id" where c1_0."vakita_id"=?
Hibernate: select v1_0."user_id",v1_1."vakita_id",v1_1."creation_date",v1_1."cumulative_amount",v1_1."description",v1_1."expiration_date",v1_1."user_creator_id",v1_1."img_url",v1_1."is_active",v1_1."name",v1_1."total_amount",v1_1."type" from "vakita_has_contributors" v1_0 join "vakitas" v1_1 on v1_1."vakita_id"=v1_0."vakita_id" where v1_0."user_id"=?
Hibernate: select c1_0."vakita_id",c1_1."user_id",c1_1."user_email" from "vakita_has_contributors" c1_0 join "users" c1_1 on c1_1."user_id"=c1_0."user_id" where c1_0."vakita_id"=?
Hibernate: select c1_0."vakita_id",c1_1."user_id",c1_1."user_email" from "vakita_has_contributors" c1_0 join "users" c1_1 on c1_1."user_id"=c1_0."user_id" where c1_0."vakita_id"=?
Hibernate: select c1_0."vakita_id",c1_1."user_id",c1_1."user_email" from "vakita_has_contributors" c1_0 join "users" c1_1 on c1_1."user_id"=c1_0."user_id" where c1_0."vakita_id"=?
Hibernate: select c1_0."vakita_id",c1_1."user_id",c1_1."user_email" from "vakita_has_contributors" c1_0 join "users" c1_1 on c1_1."user_id"=c1_0."user_id" where c1_0."vakita_id"=?
Hibernate: select c1_0."vakita_id",c1_1."user_id",c1_1."user_email" from "vakita_has_contributors" c1_0 join "users" c1_1 on c1_1."user_id"=c1_0."user_id" where c1_0."vakita_id"=?
Hibernate: select v1_0."user_id",v1_1."vakita_id",v1_1."creation_date",v1_1."cumulative_amount",v1_1."description",v1_1."expiration_date",v1_1."user_creator_id",v1_1."img_url",v1_1."is_active",v1_1."name",v1_1."total_amount",v1_1."type" from "vakita_has_contributors" v1_0 join "vakitas" v1_1 on v1_1."vakita_id"=v1_0."vakita_id" where v1_0."user_id"=?
2023-08-16T20:01:20.698-03:00  INFO 105670 --- [           main] c.g.m.service.impl.VakitaService         : Get all vakitas list. Size: 143
2023-08-16T20:01:20.698-03:00  INFO 105670 --- [           main] c.g.m.service.impl.VakitaService         : Get vakitas list from contributor: 131
]]></system-out>
  </testcase>
  <testcase name="lUpdateVakita" classname="com.grupo3.msvakitas.VakitaServiceTest" time="0.029">
    <system-out><![CDATA[Hibernate: select v1_0."vakita_id",v1_0."creation_date",v1_0."cumulative_amount",v1_0."description",v1_0."expiration_date",v1_0."user_creator_id",v1_0."img_url",v1_0."is_active",v1_0."name",v1_0."total_amount",v1_0."type",c1_0."vakita_id",c1_1."user_id",c1_1."user_email" from "vakitas" v1_0 left join ("vakita_has_contributors" c1_0 join "users" c1_1 on c1_1."user_id"=c1_0."user_id") on v1_0."vakita_id"=c1_0."vakita_id" where v1_0."vakita_id"=?
Hibernate: select v1_0."user_id",v1_1."vakita_id",v1_1."creation_date",v1_1."cumulative_amount",v1_1."description",v1_1."expiration_date",v1_1."user_creator_id",v1_1."img_url",v1_1."is_active",v1_1."name",v1_1."total_amount",v1_1."type" from "vakita_has_contributors" v1_0 join "vakitas" v1_1 on v1_1."vakita_id"=v1_0."vakita_id" where v1_0."user_id"=?
Hibernate: select c1_0."vakita_id",c1_1."user_id",c1_1."user_email" from "vakita_has_contributors" c1_0 join "users" c1_1 on c1_1."user_id"=c1_0."user_id" where c1_0."vakita_id"=?
Hibernate: select c1_0."vakita_id",c1_1."user_id",c1_1."user_email" from "vakita_has_contributors" c1_0 join "users" c1_1 on c1_1."user_id"=c1_0."user_id" where c1_0."vakita_id"=?
2023-08-16T20:01:20.713-03:00  INFO 105670 --- [           main] c.g.m.service.impl.VakitaService         : Get vakita id:7
Hibernate: select count(*) from "vakitas" v1_0 where v1_0."vakita_id"=?
Hibernate: select v1_0."vakita_id",v1_0."creation_date",v1_0."cumulative_amount",v1_0."description",v1_0."expiration_date",v1_0."user_creator_id",v1_0."img_url",v1_0."is_active",v1_0."name",v1_0."total_amount",v1_0."type",c1_0."vakita_id",c1_1."user_id",c1_1."user_email" from "vakitas" v1_0 left join ("vakita_has_contributors" c1_0 join "users" c1_1 on c1_1."user_id"=c1_0."user_id") on v1_0."vakita_id"=c1_0."vakita_id" where v1_0."vakita_id"=?
Hibernate: select v1_0."user_id",v1_1."vakita_id",v1_1."creation_date",v1_1."cumulative_amount",v1_1."description",v1_1."expiration_date",v1_1."user_creator_id",v1_1."img_url",v1_1."is_active",v1_1."name",v1_1."total_amount",v1_1."type" from "vakita_has_contributors" v1_0 join "vakitas" v1_1 on v1_1."vakita_id"=v1_0."vakita_id" where v1_0."user_id"=?
Hibernate: select c1_0."vakita_id",c1_1."user_id",c1_1."user_email" from "vakita_has_contributors" c1_0 join "users" c1_1 on c1_1."user_id"=c1_0."user_id" where c1_0."vakita_id"=?
Hibernate: select c1_0."vakita_id",c1_1."user_id",c1_1."user_email" from "vakita_has_contributors" c1_0 join "users" c1_1 on c1_1."user_id"=c1_0."user_id" where c1_0."vakita_id"=?
Hibernate: update "vakitas" set "creation_date"=?,"cumulative_amount"=?,"description"=?,"expiration_date"=?,"user_creator_id"=?,"img_url"=?,"is_active"=?,"name"=?,"total_amount"=?,"type"=? where "vakita_id"=?
Hibernate: delete from "vakita_has_contributors" where "vakita_id"=?
2023-08-16T20:01:20.725-03:00  INFO 105670 --- [           main] c.g.m.service.impl.VakitaService         : Update vakita id: 7
Hibernate: select v1_0."vakita_id",v1_0."creation_date",v1_0."cumulative_amount",v1_0."description",v1_0."expiration_date",v1_0."user_creator_id",v1_0."img_url",v1_0."is_active",v1_0."name",v1_0."total_amount",v1_0."type",c1_0."vakita_id",c1_1."user_id",c1_1."user_email" from "vakitas" v1_0 left join ("vakita_has_contributors" c1_0 join "users" c1_1 on c1_1."user_id"=c1_0."user_id") on v1_0."vakita_id"=c1_0."vakita_id" where v1_0."vakita_id"=?
2023-08-16T20:01:20.728-03:00  INFO 105670 --- [           main] c.g.m.service.impl.VakitaService         : Get vakita id:7
]]></system-out>
  </testcase>
</testsuite>